0 0.016264
1 0.013785
2 0.013814
3 0.014054
4 0.014131
5 0.01366
6 0.013781
7 0.013714
8 0.013874
9 0.013859
10 0.014057
11 0.013482
12 0.013902
13 0.013886
14 0.013917
15 0.013976
16 0.013752
17 0.014144
18 0.013191
19 0.01391
20 0.013931
21 0.014041
22 0.01461
23 0.014612
24 0.014925
25 0.014484
26 0.014526
27 0.014225
28 0.013963
29 0.014533
30 0.014629
31 0.016472
32 0.015987
33 0.015774
34 0.01597
35 0.016297
36 0.014914
37 0.015095
38 0.015544
39 0.016661
40 0.015756
41 0.015513
42 0.016358
43 0.015707
44 0.017583
45 0.014131
46 0.01455
47 0.014208
48 0.014941
49 0.014736
50 0.015134
51 0.014976
52 0.014858
53 0.014752
54 0.014514
55 0.014969
56 0.015067
57 0.015016
58 0.0149
59 0.015025
60 0.014986
61 0.013422
62 0.013668
63 0.01341
64 0.013946
65 0.013725
66 0.013745
67 0.013319
68 0.013643
69 0.013618
FPS 70
70 0.013553
71 0.013753
72 0.013366
73 0.010157
74 0.012797
75 0.013301
76 0.013361
77 0.013384
78 0.01358
79 0.013454
80 0.01362
81 0.014027
82 0.013899
83 0.014
84 0.014296
85 0.013683
86 0.013614
87 0.013573
88 0.013822
89 0.013672
90 0.013716
91 0.013588
92 0.013839
93 0.013692
94 0.013948
95 0.014113
96 0.013776
97 0.013693
98 0.013551
99 0.013823
100 0.01371
101 0.014412
102 0.014775
103 0.015143
104 0.01646
105 0.017123
106 0.015086
107 0.014889
108 0.014697
109 0.014805
110 0.014999
111 0.013999
112 0.014351
113 0.012813
114 0.014578
115 0.013656
116 0.01432
117 0.014002
118 0.014128
119 0.013657
120 0.014592
121 0.01513
122 0.015229
123 0.015826
124 0.016059
125 0.015644
126 0.015475
127 0.016327
128 0.016568
129 0.01656
130 0.016996
131 0.016094
132 0.016219
133 0.016318
134 0.016534
135 0.01663
136 0.016465
137 0.016583
138 0.016637
139 0.016573
FPS 70
140 0.013464
141 0.016227
142 0.017842
143 0.017718
144 0.017718
145 0.016512
146 0.017999
147 0.018264
148 0.01805
149 0.018067
150 0.01811
151 0.018246
152 0.018268
153 0.018157
154 0.018118
155 0.017831
156 0.018096
157 0.017974
158 0.018123
159 0.018056
160 0.018033
161 0.019495
162 0.019444
163 0.019748
164 0.019368
165 0.019273
166 0.019175
167 0.019415
168 0.019167
169 0.019375
170 0.019469
171 0.019433
172 0.019175
173 0.019414
174 0.019083
175 0.019322
176 0.019274
177 0.01908
178 0.018521
179 0.018414
180 0.018652
181 0.019643
182 0.019742
183 0.020084
184 0.019758
185 0.023622
186 0.019507
187 0.019547
188 0.019663
189 0.019493
190 0.019441
191 0.019737
192 0.019538
193 0.019731
FPS 54
194 0.019549
195 0.01952
196 0.019987
197 0.01974
198 0.02363
199 0.019638
200 0.021604
201 0.020998
202 0.020784
203 0.021315
204 0.021104
205 0.020959
206 0.020674
207 0.020829
208 0.020815
209 0.020877
210 0.02094
211 0.020805
212 0.020922
213 0.020831
214 0.020893
215 0.020796
216 0.020765
217 0.02097
218 0.021013
219 0.020901
220 0.020803
221 0.021997
222 0.022159
223 0.022051
224 0.022206
225 0.02718
226 0.021808
227 0.02213
228 0.022115
229 0.022124
230 0.021611
231 0.022561
232 0.022011
233 0.028851
234 0.024547
235 0.025965
236 0.022245
237 0.021895
238 0.022109
239 0.021846
240 0.0219
FPS 47
241 0.024087
242 0.024474
243 0.024181
244 0.024223
245 0.024193
246 0.024147
247 0.024086
248 0.028474
249 0.024148
250 0.024137
251 0.028561
252 0.024123
253 0.024144
254 0.024099
255 0.029147
256 0.024036
257 0.024177
258 0.024138
259 0.024091
260 0.024175
261 0.030243
262 0.026166
263 0.030021
264 0.02606
265 0.02592
266 0.026109
267 0.025958
268 0.025926
269 0.025753
270 0.025727
271 0.025843
272 0.025979
273 0.025692
274 0.025927
275 0.029913
276 0.025652
277 0.025871
278 0.0296
279 0.026177
280 0.026062
FPS 40
281 0.028443
282 0.028702
283 0.028442
284 0.028292
285 0.028256
286 0.028389
287 0.02827
288 0.028418
289 0.028754
290 0.029326
291 0.03282
292 0.028346
293 0.028374
294 0.028269
295 0.028476
296 0.028171
297 0.02829
298 0.028464
299 0.028424
300 0.028249
301 0.030555
302 0.030695
303 0.030274
304 0.03016
305 0.030666
306 0.030268
307 0.030447
308 0.030519
309 0.030205
310 0.030488
311 0.030429
312 0.030066
313 0.030281
314 0.030355
315 0.030289
FPS 35
316 0.031409
317 0.030948
318 0.030299
319 0.03042
320 0.030241
321 0.033359
322 0.033746
323 0.033396
324 0.033272
325 0.033532
326 0.033461
327 0.033402
328 0.033509
329 0.033348
330 0.033365
331 0.033394
332 0.033375
333 0.033449
334 0.033201
335 0.033386
336 0.033274
337 0.03336
338 0.033137
339 0.033199
340 0.033404
341 0.036321
342 0.041251
343 0.036601
344 0.036184
345 0.036592
346 0.040778
FPS 31
347 0.043393
348 0.042874
349 0.036318
350 0.036535
351 0.036334
352 0.036363
353 0.036278
354 0.036426
355 0.036544
356 0.036427
357 0.036521
358 0.036317
359 0.03623
360 0.0363
361 0.038908
362 0.039161
363 0.039136
364 0.039044
365 0.038744
366 0.039071
367 0.043114
368 0.038941
369 0.039123
370 0.039039
371 0.038918
372 0.038955
373 0.039069
FPS 27
374 0.039244
375 0.039337
376 0.038892
377 0.03898
378 0.038946
379 0.038937
380 0.038867
381 0.04301
382 0.04299
383 0.042716
384 0.042768
385 0.043
386 0.054011
387 0.051743
388 0.042559
389 0.042839
390 0.04286
391 0.042873
392 0.04701
393 0.046854
394 0.04284
395 0.042773
396 0.042648
397 0.042832
398 0.042683
FPS 25
399 0.043246
400 0.043219
401 0.046915
402 0.046693
403 0.046642
404 0.046666
405 0.046674
406 0.046591
407 0.046537
408 0.046598
409 0.04708
410 0.046574
411 0.046461
412 0.05058
413 0.046478
414 0.0466
415 0.050709
416 0.046445
417 0.0466
418 0.046688
419 0.046336
420 0.046629
421 0.050871
FPS 23
422 0.055163
423 0.051634
424 0.050388
425 0.051174
426 0.054672
427 0.060853
428 0.049998
429 0.050541
430 0.050223
431 0.050077
432 0.050215
433 0.050368
434 0.050273
435 0.05021
436 0.050163
437 0.050407
438 0.050291
439 0.050234
440 0.050377
441 0.055729
442 0.055045
FPS 21
443 0.056109
444 0.055287
445 0.055173
446 0.055255
447 0.055202
448 0.05504
449 0.055244
450 0.055023
451 0.055071
452 0.055067
453 0.055145
454 0.055176
455 0.064053
456 0.066696
457 0.054987
458 0.055198
459 0.055309
460 0.055139
461 0.060959
FPS 19
462 0.061038
463 0.060054
464 0.060255
465 0.059761
466 0.059911
467 0.060031
468 0.06001
469 0.060112
470 0.059922
471 0.061181
472 0.059871
473 0.060195
474 0.060096
475 0.05995
476 0.060191
477 0.060201
478 0.05996
479 0.05997
FPS 18
480 0.061108
481 0.065005
482 0.064455
483 0.064608
484 0.072114
485 0.064564
486 0.065527
487 0.077703
488 0.064287
489 0.064516
490 0.06442
491 0.06426
492 0.064484
493 0.06457
494 0.06442
495 0.064294
FPS 16
496 0.065107
497 0.064568
498 0.064468
499 0.064339
500 0.06444
501 0.071517
502 0.071333
503 0.071158
504 0.071234
505 0.071347
506 0.071003
507 0.071023
508 0.071299
509 0.080795
510 0.079536
511 0.071089
FPS 16
512 0.072121
513 0.071284
514 0.071426
515 0.071124
516 0.071021
517 0.075335
518 0.075254
519 0.071329
520 0.071188
521 0.076818
522 0.0762
523 0.07628
524 0.076351
525 0.076201
526 0.076366
FPS 15
527 0.077359
528 0.076317
529 0.076114
530 0.076109
531 0.076732
532 0.081368
533 0.076442
534 0.090149
535 0.08499
536 0.076362
537 0.076341
538 0.07622
539 0.076529
540 0.08027
FPS 14
541 0.083123
542 0.084308
543 0.08227
544 0.081874
545 0.081929
546 0.081878
547 0.081865
548 0.081788
549 0.081814
550 0.08171
551 0.08165
552 0.081906
553 0.082125
554 0.09884
FPS 14
555 0.082996
556 0.086486
557 0.081882
558 0.082072
559 0.081835
560 0.081907
561 0.092522
562 0.092141
563 0.091762
564 0.09222
565 0.09184
566 0.092269
567 0.091906
FPS 13
568 0.093281
569 0.091904
570 0.0922
571 0.091943
572 0.09218
573 0.099076
574 0.092493
575 0.117943
576 0.091956
577 0.092165
578 0.092014
579 0.092172
FPS 12
580 0.092904
581 0.098023
582 0.097276
583 0.09765
584 0.097385
585 0.097653
586 0.097249
587 0.097524
588 0.09768
589 0.097682
590 0.097287
591 0.103956
FPS 12
592 0.106489
593 0.097733
594 0.097385
595 0.09737
596 0.097537
597 0.097513
598 0.097404
599 0.097547
600 0.097274
601 0.112436
602 0.111793
FPS 11
603 0.112752
604 0.111857
605 0.11163
606 0.111702
607 0.112028
608 0.121653
609 0.113867
610 0.131682
611 0.111778
612 0.112044
FPS 10
613 0.113196
614 0.112024
615 0.111928
616 0.112166
617 0.111687
618 0.111817
619 0.1118
620 0.112287
621 0.114057
622 0.113257
FPS 10
623 0.134121
624 0.121687
625 0.113715
626 0.113288
627 0.113748
628 0.113252
629 0.113677
630 0.113482
631 0.113226
632 0.113587
FPS 10
633 0.115029
634 0.112988
635 0.11376
636 0.113577
637 0.113555
638 0.113515
639 0.114891
640 0.123603
641 0.185053
642 0.180639
FPS 10
643 0.181926
644 0.179781
645 0.180701
646 0.180247
647 0.181453
648 0.184711
649 0.200095
FPS 7
650 0.180393
651 0.18432
652 0.18033
653 0.180258
654 0.180451
655 0.180723
656 0.18037
FPS 7
657 0.181238
658 0.180372
659 0.187821
660 0.200044
661 0.131627
662 0.130517
663 0.131017
FPS 7
664 0.135826
665 0.130838
666 0.131029
667 0.130845
668 0.130774
669 0.13098
670 0.134863
671 0.1387
672 0.146946
FPS 9
673 0.132316
674 0.134847
675 0.130762
676 0.130905
677 0.130726
678 0.134697
679 0.130967
680 0.1312
681 0.146359
FPS 9
682 0.147016
683 0.145892
684 0.153869
685 0.160052
686 0.148639
687 0.145839
688 0.145767
689 0.145795
FPS 8
690 0.147125
691 0.145997
692 0.146063
693 0.145771
694 0.146014
695 0.145782
696 0.162368
697 0.145788
FPS 8
698 0.147186
699 0.145853
700 0.146031
701 0.152726
702 0.152408
703 0.152363
704 0.152191
705 0.152494
FPS 8
706 0.154328
707 0.157302
708 0.174238
709 0.164241
710 0.152264
711 0.152089
712 0.151839
713 0.152022
FPS 8
714 0.153969
715 0.152296
716 0.15243
717 0.152297
718 0.152193
719 0.178137
720 0.152338
721 0.240972
FPS 8
722 0.237739
723 0.237325
724 0.237232
725 0.236991
726 0.243786
727 0.264362
FPS 6
728 0.2444
729 0.237332
730 0.236715
731 0.237584
732 0.237842
733 0.237321
FPS 6
734 0.266139
735 0.236975
736 0.236474
737 0.236431
738 0.236971
739 0.237038
FPS 6
740 0.237968
741 0.187368
742 0.177427
743 0.192117
744 0.175239
745 0.175761
FPS 6
746 0.175849
747 0.175068
748 0.175162
749 0.175394
750 0.174853
751 0.175493
752 0.192823
FPS 7
753 0.176583
754 0.175115
755 0.17532
756 0.175151
757 0.175225
758 0.175163
759 0.175274
FPS 7
760 0.177284
761 0.280962
762 0.290231
763 0.267007
764 0.26785
FPS 5
765 0.268392
766 0.267593
767 0.267968
768 0.291271
769 0.267245
FPS 5
770 0.267832
771 0.267694
772 0.267183
773 0.266814
774 0.274874
FPS 5
775 0.294632
776 0.267339
777 0.267875
778 0.267766
779 0.26658
FPS 5
780 0.267142
781 0.226912
782 0.201607
783 0.197321
784 0.197646
785 0.197557
FPS 6
786 0.199154
787 0.197776
788 0.197926
789 0.197567
790 0.202502
791 0.22078
792 0.197754
FPS 7
793 0.199142
794 0.19776
795 0.197712
796 0.197798
797 0.197465
798 0.197637
799 0.222032
FPS 7
800 0.19884
801 0.218583
802 0.217975
803 0.218056
804 0.218067
805 0.218099
FPS 6
806 0.219317
807 0.224072
808 0.233181
809 0.218226
810 0.218093
811 0.222461
FPS 6
812 0.219282
813 0.218035
814 0.218021
815 0.23887
816 0.217883
817 0.21801
FPS 6
818 0.229104
819 0.21827
820 0.218189
821 0.253017
822 0.259665
823 0.27133
FPS 6
824 0.253378
825 0.252167
826 0.252364
827 0.252281
828 0.251904
FPS 5
829 0.273061
830 0.2524
831 0.252334
832 0.252626
833 0.251597
FPS 5
834 0.253385
835 0.252198
836 0.270138
837 0.271877
838 0.252529
FPS 5
839 0.2536
840 0.25245
841 0.337653
842 0.352952
843 0.347814
FPS 5
844 0.338019
845 0.342321
846 0.338085
847 0.337496
FPS 4
848 0.361982
849 0.337979
850 0.338391
851 0.336659
FPS 4
852 0.337943
853 0.36207
854 0.337584
855 0.338099
FPS 4
856 0.337479
857 0.337418
858 0.348987
859 0.353483
FPS 4
860 0.342376
861 0.263004
862 0.258612
863 0.258876
864 0.278345
FPS 5
865 0.26029
866 0.262179
867 0.258605
868 0.258555
869 0.25828
FPS 5
870 0.259415
871 0.268979
872 0.282789
873 0.258355
874 0.262645
FPS 5
875 0.259738
876 0.258811
877 0.258498
878 0.277945
879 0.258068
FPS 5
880 0.259614
881 0.284551
882 0.284312
883 0.288557
884 0.29216
FPS 5
885 0.309895
886 0.284195
887 0.284156
888 0.284436
889 0.284802
FPS 5
890 0.308209
891 0.284496
892 0.284186
893 0.284373
894 0.284181
FPS 5
895 0.285468
896 0.291556
897 0.29958
898 0.284524
899 0.284718
FPS 5
900 0.285831
901 0.29102
902 0.306299
903 0.290966
904 0.291118
FPS 5
905 0.292058
906 0.290767
907 0.290727
908 0.298702
909 0.306988
FPS 5
910 0.29209
911 0.290861
912 0.290599
913 0.291031
914 0.291054
FPS 5
915 0.302721
916 0.29091
917 0.292089
918 0.294893
919 0.290954
FPS 5
920 0.292402
921 0.331137
922 0.309757
923 0.309911
FPS 4
924 0.311189
925 0.313715
926 0.33424
927 0.310101
928 0.309736
FPS 5
929 0.311464
930 0.311114
931 0.309908
932 0.333194
933 0.309691
FPS 5
934 0.315415
935 0.309785
936 0.309707
937 0.318788
938 0.319066
FPS 5
939 0.311338
940 0.309843
941 0.327964
942 0.327832
FPS 4
943 0.354331
944 0.327892
945 0.327368
946 0.327582
FPS 4
947 0.329007
948 0.350529
949 0.327866
950 0.327636
FPS 4
951 0.329361
952 0.331726
953 0.327562
954 0.357961
955 0.327819
FPS 5
956 0.328857
957 0.32724
958 0.327651
959 0.349503
960 0.331886
FPS 5
961 0.471642
962 0.465471
963 0.480694
964 0.476626
FPS 4
965 0.466483
966 0.466057
967 0.48013
968 0.46499
FPS 4
969 0.466965
970 0.466981
971 0.488234
972 0.467192
FPS 4
973 0.467761
974 0.469464
975 0.485472
976 0.465437
FPS 4
977 0.466684
978 0.466993
979 0.4835
980 0.467601
FPS 4
981 0.36863
982 0.36792
983 0.387138
984 0.364033
FPS 4
985 0.365064
986 0.363805
987 0.372355
988 0.376155
FPS 4
989 0.365567
990 0.363706
991 0.375753
992 0.391801
FPS 4
993 0.36508
994 0.363937
995 0.363611
996 0.363962
FPS 4
997 0.38477
998 0.370128
999 0.363708
1000 0.367275
FPS 4
1001 0.394462
1002 0.406528
1003 0.388288
1004 0.3882
FPS 4
1005 0.393652
1006 0.398907
1007 0.412641
1008 0.388364
FPS 4
1009 0.389483
1010 0.397426
1011 0.397641
1012 0.388619
FPS 4
1013 0.393887
1014 0.388288
1015 0.394202
1016 0.410192
FPS 4
1017 0.389778
1018 0.388339
1019 0.388031
1020 0.403967
FPS 4
1021 0.405862
1022 0.403961
1023 0.40413
1024 0.427406
FPS 4
1025 0.405078
1026 0.403956
1027 0.404123
1028 0.42575
FPS 4
1029 0.405358
1030 0.403418
1031 0.403737
1032 0.403764
FPS 4
1033 0.419765
1034 0.403729
1035 0.404122
1036 0.404017
FPS 4
1037 0.425399
1038 0.403772
1039 0.4041
1040 0.4039
FPS 4
1041 0.447448
1042 0.45507
1043 0.441926
1044 0.441516
FPS 4
1045 0.462951
1046 0.442236
1047 0.442201
1048 0.442351
FPS 4
1049 0.449271
1050 0.456918
1051 0.446244
1052 0.44716
FPS 4
1053 0.457855
1054 0.442387
1055 0.442815
1056 0.450515
FPS 4
1057 0.446805
1058 0.456009
1059 0.441808
1060 0.441357
FPS 4
1061 0.513363
1062 0.487248
1063 0.48806
FPS 3
1064 0.493782
1065 0.503511
1066 0.491892
1067 0.487524
FPS 4
1068 0.503455
1069 0.487552
1070 0.487788
1071 0.487338
FPS 4
1072 0.503941
1073 0.488012
1074 0.487178
1075 0.496935
FPS 4
1076 0.493973
1077 0.487895
1078 0.487804
1079 0.497856
FPS 4
1080 0.492822
1081 0.623306
1082 0.635788
FPS 3
1083 0.630582
1084 0.623517
1085 0.635217
FPS 3
1086 0.624212
1087 0.622809
1088 0.636006
FPS 3
1089 0.625783
1090 0.623994
1091 0.640874
FPS 3
1092 0.625664
1093 0.624513
1094 0.648867
FPS 3
1095 0.630173
1096 0.627734
1097 0.646211
FPS 3
1098 0.623339
1099 0.643538
1100 0.622714
FPS 3
1101 0.493181
1102 0.492313
1103 0.511473
1104 0.495727
FPS 4
1105 0.49305
1106 0.501335
1107 0.492113
1108 0.491511
FPS 4
1109 0.493292
1110 0.51655
1111 0.49181
FPS 3
1112 0.49865
1113 0.501285
1114 0.491759
FPS 3
1115 0.493198
1116 0.491869
1117 0.512942
1118 0.491863
FPS 4
1119 0.493653
1120 0.492372
1121 0.677938
FPS 3
1122 0.681929
1123 0.702069
1124 0.679414
FPS 3
1125 0.678703
1126 0.702764
1127 0.677903
FPS 3
1128 0.683503
1129 0.696037
1130 0.678369
FPS 3
1131 0.699955
1132 0.678365
1133 0.679395
FPS 3
1134 0.700453
1135 0.679141
1136 0.693605
FPS 3
1137 0.680809
1138 0.680859
1139 0.710499
FPS 3
1140 0.680946
1141 0.598289
1142 0.615187
FPS 3
1143 0.595242
1144 0.593184
1145 0.615783
FPS 3
1146 0.594546
1147 0.59323
1148 0.612255
FPS 3
1149 0.594442
1150 0.593636
1151 0.609894
FPS 3
1152 0.594949
1153 0.593676
1154 0.618495
FPS 3
1155 0.59467
1156 0.597078
1157 0.623026
FPS 3
1158 0.594205
1159 0.593605
1160 0.608808
FPS 3
1161 0.58083
1162 0.582683
1163 0.595579
FPS 3
1164 0.581517
1165 0.583563
1166 0.603167
FPS 3
1167 0.586159
1168 0.580618
1169 0.589639
FPS 3
1170 0.585153
1171 0.579764
1172 0.589956
FPS 3
1173 0.58081
1174 0.583555
1175 0.607864
FPS 3
1176 0.580714
1177 0.57975
1178 0.598775
FPS 3
1179 0.584955
1180 0.579204
1181 0.603218
FPS 3
1182 0.593113
1183 0.591111
1184 0.605189
FPS 3
1185 0.592812
1186 0.595601
1187 0.602176
FPS 3
1188 0.592639
1189 0.591369
1190 0.612162
FPS 3
1191 0.592904
1192 0.601051
1193 0.612955
FPS 3
1194 0.593022
1195 0.601205
1196 0.600927
FPS 3
1197 0.593297
1198 0.591321
1199 0.607075
FPS 3
1200 0.592866
1201 0.652176
1202 0.640747
FPS 3
1203 0.642171
1204 0.654831
1205 0.636604
FPS 3
1206 0.638945
1207 0.659551
1208 0.636992
FPS 3
1209 0.63853
1210 0.659581
1211 0.637394
FPS 3
1212 0.65008
1213 0.637235
1214 0.637043
FPS 3
1215 0.641299
1216 0.652492
1217 0.63681
FPS 3
1218 0.659457
1219 0.637498
1220 0.637063
FPS 3
1221 0.685837
1222 0.668608
1223 0.692399
FPS 3
1224 0.670118
1225 0.669008
1226 0.693326
FPS 3
1227 0.673956
1228 0.668295
1229 0.678843
FPS 3
1230 0.669493
1231 0.674908
1232 0.67873
FPS 3
1233 0.67023
1234 0.720119
1235 0.667878
FPS 3
1236 0.673645
1237 0.685216
1238 0.668747
FPS 3
1239 0.692315
1240 0.668494
1241 0.876203
FPS 3
1242 0.87783
1243 0.890103
1244 0.873515
FPS 3
1245 0.874989
1246 0.886803
1247 0.875612
FPS 3
1248 0.891311
1249 0.873801
1250 0.904735
FPS 3
1251 0.876
1252 0.883065
1253 0.873038
FPS 3
1254 0.89434
1255 0.873451
1256 0.892797
FPS 3
1257 0.874706
1258 0.885412
1259 0.873382
FPS 3
1260 0.895604
1261 0.732987
FPS 2
1262 0.74623
1263 0.731959
1264 0.732988
FPS 3
1265 0.745891
1266 0.732431
1267 0.751912
FPS 3
1268 0.734567
1269 0.736964
1270 0.739168
FPS 3
1271 0.735444
1272 0.765269
1273 0.732237
FPS 3
1274 0.746532
1275 0.732979
1276 0.73399
FPS 3
1277 0.749312
1278 0.733716
1279 0.754627
FPS 3
1280 0.733939
1281 0.767409
1282 0.781131
FPS 3
1283 0.769033
1284 0.774916
1285 0.766457
FPS 3
1286 0.78872
1287 0.767035
1288 0.770776
FPS 3
1289 0.774697
1290 0.768734
1291 0.786352
FPS 3
1292 0.769787
1293 0.785547
1294 0.76635
FPS 3
1295 0.76922
1296 0.80403
1297 0.766666
FPS 3
1298 0.782805
1299 0.766913
1300 0.770092
FPS 3
1301 0.777151
1302 0.789953
1303 0.776333
FPS 3
1304 0.777867
1305 0.79796
1306 0.810028
FPS 3
1307 0.799803
1308 0.775713
1309 0.805646
FPS 3
1310 0.777451
1311 0.784057
1312 0.77553
FPS 3
1313 0.778743
1314 0.799672
1315 0.780019
FPS 3
1316 0.797728
1317 0.779558
1318 0.791252
FPS 3
1319 0.777499
1320 0.776059
1321 1.02865
FPS 3
1322 1.04971
1323 1.02797
FPS 2
1324 1.04118
1325 1.03141
FPS 2
1326 1.0356
1327 1.04137
FPS 2
1328 1.02869
1329 1.03416
FPS 2
1330 1.03135
1331 1.03665
FPS 2
1332 1.02663
1333 1.03888
FPS 2
1334 1.02897
1335 1.02792
FPS 2
1336 1.05306
1337 1.02947
FPS 2
1338 1.04401
1339 1.02747
FPS 2
1340 1.04448
1341 0.851957
FPS 2
1342 0.8481
1343 0.847295
1344 0.857312
FPS 3
1345 0.848331
1346 0.875353
1347 0.846785
FPS 3
1348 0.874501
1349 0.846092
1350 0.863765
FPS 3
1351 0.849015
1352 0.863776
1353 0.846934
FPS 3
1354 0.857763
1355 0.846856
1356 0.855819
FPS 3
1357 0.85382
1358 0.847724
1359 0.867127
FPS 3
1360 0.848834
1361 1.11924
FPS 2
1362 1.11839
1363 1.09724
FPS 2
1364 1.11012
1365 1.11288
FPS 2
1366 1.09859
1367 1.12913
FPS 2
1368 1.11686
1369 1.09765
FPS 2
1370 1.10751
1371 1.0985
FPS 2
1372 1.10914
1373 1.11867
FPS 2
1374 1.10032
1375 1.11623
FPS 2
1376 1.09883
1377 1.10681
FPS 2
1378 1.11733
1379 1.09814
FPS 2
1380 1.10907
1381 0.991827
FPS 2
1382 0.982472
1383 0.99058
1384 0.980311
FPS 3
1385 0.988648
1386 0.975376
1387 0.992033
FPS 3
1388 0.977283
1389 0.989704
1390 0.97691
FPS 3
1391 0.994516
1392 0.975637
1393 0.990047
FPS 3
1394 0.991263
1395 0.984711
1396 0.987231
FPS 3
1397 0.977966
1398 0.995505
1399 0.974565
FPS 3
1400 0.981557
1401 0.992604
FPS 2
1402 1.0051
1403 1.00014
FPS 2
1404 0.995819
1405 1.01429
1406 0.993727
FPS 3
1407 1.00645
1408 0.992509
FPS 2
1409 1.01589
1410 0.991801
FPS 2
1411 1.00566
1412 0.993211
FPS 2
1413 1.00934
1414 1.02044
FPS 2
1415 0.994779
1416 1.01492
1417 0.992901
FPS 3
1418 1.01824
1419 0.992742
FPS 2
1420 1.00933
1421 1.01301
FPS 2
1422 1.00649
1423 1.06396
FPS 2
1424 1.00581
1425 1.02082
FPS 2
1426 1.00556
1427 1.02544
FPS 2
1428 1.01997
1429 1.0083
FPS 2
1430 1.0158
1431 1.00336
FPS 2
1432 1.02429
1433 1.00395
FPS 2
1434 1.023
1435 1.00592
FPS 2
1436 1.00511
1437 1.01856
FPS 2
1438 1.00496
1439 1.01665
FPS 2
1440 1.0075
1441 1.04477
FPS 2
1442 1.05695
1443 1.03458
FPS 2
1444 1.0545
1445 1.03404
FPS 2
1446 1.05162
1447 1.03484
FPS 2
1448 1.0438
1449 1.05128
FPS 2
1450 1.03655
1451 1.05878
FPS 2
1452 1.04001
1453 1.04962
FPS 2
1454 1.0404
1455 1.05592
FPS 2
1456 1.05231
1457 1.03438
FPS 2
1458 1.04867
1459 1.03424
FPS 2
1460 1.04907
1461 1.08214
FPS 2
1462 1.0624
1463 1.06625
FPS 2
1464 1.06217
1465 1.07152
FPS 2
1466 1.07125
1467 1.05992
FPS 2
1468 1.08002
1469 1.06066
FPS 2
1470 1.08685
1471 1.06129
FPS 2
1472 1.07257
1473 1.06805
FPS 2
1474 1.06294
1475 1.07464
FPS 2
1476 1.06212
1477 1.13181
FPS 2
1478 1.07569
1479 1.06082
FPS 2
1480 1.08171
1481 1.36535
FPS 2
1482 1.37058
1483 1.3521
FPS 2
1484 1.36566
1485 1.36122
FPS 2
1486 1.35694
1487 1.36211
FPS 2
1488 1.35927
1489 1.35603
FPS 2
1490 1.37317
1491 1.35233
FPS 2
1492 1.37032
1493 1.36273
FPS 2
1494 1.35421
1495 1.35851
FPS 2
1496 1.36293
1497 1.36161
FPS 2
1498 1.35739
1499 1.36119
FPS 2
1500 1.36196
1501 1.16671
FPS 2
1502 1.14566
1503 1.15528
FPS 2
