0 0.005269
1 0.005102
2 0.004776
3 0.005075
4 0.004818
5 0.004823
6 0.00482
7 0.005097
8 0.004927
9 0.004804
10 0.004767
11 0.004882
12 0.008919
13 0.004887
14 0.005023
15 0.004831
16 0.00477
17 0.00505
18 0.004806
19 0.004738
20 0.004913
21 0.006487
22 0.006289
23 0.006102
24 0.00613
25 0.006298
26 0.006632
27 0.006152
28 0.00619
29 0.006149
30 0.006197
31 0.006295
32 0.006155
33 0.006201
34 0.006171
35 0.006311
36 0.006158
37 0.006213
38 0.006306
39 0.006177
40 0.006072
41 0.007466
42 0.007746
43 0.007447
44 0.007419
45 0.007694
46 0.007452
47 0.007463
48 0.00753
49 0.007554
50 0.007458
51 0.007526
52 0.007603
53 0.007495
54 0.007565
55 0.007468
56 0.007412
57 0.007551
58 0.007408
59 0.007446
60 0.007461
61 0.00881
62 0.008957
63 0.008902
64 0.008881
65 0.008639
66 0.00891
67 0.008824
68 0.008906
69 0.008753
70 0.00898
71 0.008884
72 0.008725
73 0.008728
74 0.008929
75 0.008782
76 0.008666
77 0.008913
78 0.008632
79 0.009554
80 0.008771
81 0.010195
82 0.012527
83 0.010226
84 0.01038
85 0.009916
86 0.010257
87 0.010049
88 0.010006
89 0.010199
90 0.009997
91 0.010181
92 0.01003
93 0.010215
94 0.009935
95 0.010178
96 0.010002
97 0.010096
98 0.010247
99 0.010033
100 0.010064
101 0.011507
102 0.011616
103 0.011406
104 0.011582
105 0.015513
106 0.011435
107 0.011668
108 0.011614
109 0.011458
110 0.011402
111 0.011763
112 0.011494
113 0.01166
114 0.011483
115 0.015615
116 0.01142
117 0.012572
118 0.017789
119 0.014926
120 0.014293
FPS 121
121 0.013161
122 0.013057
123 0.012754
124 0.012828
125 0.012722
126 0.013207
127 0.012859
128 0.01284
129 0.012799
130 0.012733
131 0.012847
132 0.012557
133 0.012675
134 0.012672
135 0.012774
136 0.012697
137 0.012832
138 0.012695
139 0.012678
140 0.012873
141 0.013926
142 0.014317
143 0.013954
144 0.01399
145 0.01834
146 0.013902
147 0.014207
148 0.01402
149 0.013968
150 0.01407
151 0.014019
152 0.014164
153 0.014192
154 0.013957
155 0.014072
156 0.014
157 0.015545
158 0.014198
159 0.013997
160 0.014061
161 0.017173
162 0.016808
163 0.015429
164 0.021957
165 0.015676
166 0.015531
167 0.015361
168 0.015415
169 0.015084
170 0.015503
171 0.015327
172 0.01523
173 0.015449
174 0.015274
175 0.017843
176 0.015227
177 0.015394
178 0.015253
179 0.019461
180 0.015396
181 0.020974
182 0.016532
183 0.016925
184 0.016546
185 0.016602
186 0.016633
187 0.016563
188 0.016606
189 0.016766
FPS 69
190 0.017169
191 0.021784
192 0.019944
193 0.017162
194 0.016755
195 0.016907
196 0.017065
197 0.016683
198 0.016728
199 0.02294
200 0.022005
201 0.019272
202 0.020603
203 0.018177
204 0.017932
205 0.017914
206 0.01815
207 0.017995
208 0.01775
209 0.018136
210 0.018016
211 0.022256
212 0.018295
213 0.01822
214 0.01774
215 0.018103
216 0.019017
217 0.018143
218 0.017833
219 0.018038
220 0.017949
221 0.019352
222 0.02083
223 0.019329
224 0.019217
225 0.019376
226 0.019285
227 0.01918
228 0.0245
229 0.019309
230 0.019305
231 0.019245
232 0.019469
233 0.019226
234 0.019212
235 0.019157
236 0.021761
237 0.02343
238 0.019507
239 0.019833
240 0.019356
241 0.020881
242 0.02091
243 0.024785
FPS 54
244 0.020758
245 0.020608
246 0.02071
247 0.020603
248 0.020741
249 0.020764
250 0.020567
251 0.020606
252 0.020509
253 0.020669
254 0.02051
255 0.020412
256 0.020598
257 0.020869
258 0.020497
259 0.020594
260 0.02072
261 0.021957
262 0.027379
263 0.021914
264 0.022195
265 0.021977
266 0.028307
267 0.022042
268 0.022089
269 0.026168
270 0.027193
271 0.022251
272 0.022648
273 0.028854
274 0.022141
275 0.021828
276 0.021824
277 0.021968
278 0.021819
279 0.021933
280 0.021881
281 0.023772
282 0.027483
283 0.023362
284 0.023204
285 0.023432
286 0.023144
287 0.024861
288 0.023094
289 0.0232
FPS 46
290 0.023886
291 0.023745
292 0.023302
293 0.02336
294 0.023499
295 0.023219
296 0.024194
297 0.023299
298 0.023278
299 0.023182
300 0.027686
301 0.024676
302 0.02455
303 0.024698
304 0.024633
305 0.02459
306 0.024616
307 0.024405
308 0.024452
309 0.024507
310 0.024393
311 0.027065
312 0.024657
313 0.024167
314 0.024558
315 0.026487
316 0.024519
317 0.024629
318 0.024697
319 0.024487
320 0.024405
321 0.035048
322 0.027622
323 0.029934
324 0.031195
325 0.031781
326 0.026192
327 0.025751
328 0.02573
329 0.025758
330 0.029848
FPS 41
331 0.025877
332 0.02576
333 0.026013
334 0.025978
335 0.025997
336 0.034183
337 0.028882
338 0.029861
339 0.025783
340 0.025658
341 0.02718
342 0.027486
343 0.027259
344 0.026906
345 0.027349
346 0.027566
347 0.027117
348 0.028617
349 0.027085
350 0.027192
351 0.027414
352 0.027583
353 0.032935
354 0.027368
355 0.027408
356 0.027228
357 0.027286
358 0.027275
359 0.027296
360 0.02713
361 0.029193
362 0.028622
363 0.028476
364 0.035623
365 0.034079
366 0.030577
367 0.028606
FPS 37
368 0.028735
369 0.030678
370 0.032443
371 0.032092
372 0.028589
373 0.028771
374 0.028748
375 0.028432
376 0.033548
377 0.037572
378 0.032527
379 0.031498
380 0.035356
381 0.035466
382 0.035556
383 0.035578
384 0.035523
385 0.035439
386 0.036571
387 0.030623
388 0.031899
389 0.029948
390 0.029803
391 0.030355
392 0.02981
393 0.029858
394 0.030443
395 0.030224
396 0.034173
397 0.030107
398 0.029782
399 0.029663
400 0.029952
FPS 33
401 0.031281
402 0.031341
403 0.031142
404 0.03113
405 0.030917
406 0.031117
407 0.0311
408 0.031074
409 0.031247
410 0.031057
411 0.030921
412 0.031078
413 0.031475
414 0.031555
415 0.036222
416 0.03506
417 0.030846
418 0.031491
419 0.031517
420 0.031102
421 0.032447
422 0.032675
423 0.032534
424 0.032435
425 0.032562
426 0.032218
427 0.036369
428 0.032656
429 0.032171
430 0.036498
431 0.032453
432 0.032857
433 0.032371
FPS 33
434 0.032515
435 0.032738
436 0.032496
437 0.036911
438 0.033977
439 0.03212
440 0.032286
441 0.038017
442 0.033631
443 0.037477
444 0.038154
445 0.033765
446 0.033617
447 0.033502
448 0.033718
449 0.033614
450 0.03352
451 0.036379
452 0.035095
453 0.033713
454 0.033668
455 0.038123
456 0.037315
457 0.036515
458 0.03643
459 0.040602
460 0.039544
461 0.035377
462 0.035205
463 0.035175
FPS 30
464 0.035406
465 0.034854
466 0.035018
467 0.034895
468 0.040383
469 0.036762
470 0.034905
471 0.039163
472 0.039346
473 0.035367
474 0.035164
475 0.034971
476 0.042547
477 0.037758
478 0.034805
479 0.039761
480 0.035059
481 0.036458
482 0.036618
483 0.042888
484 0.0362
485 0.036283
486 0.036278
487 0.0366
488 0.038794
489 0.036373
490 0.041736
491 0.036317
FPS 28
492 0.050426
493 0.042437
494 0.045782
495 0.038638
496 0.036267
497 0.036171
498 0.036275
499 0.036371
500 0.036574
501 0.037863
502 0.037453
503 0.037684
504 0.038969
505 0.037574
506 0.037801
507 0.037842
508 0.037696
509 0.037547
510 0.041354
511 0.037681
512 0.044017
513 0.038865
514 0.038313
515 0.038331
516 0.039155
517 0.037565
518 0.037868
FPS 27
519 0.041632
520 0.037619
521 0.038929
522 0.043582
523 0.042844
524 0.038734
525 0.038784
526 0.039075
527 0.040987
528 0.03918
529 0.039295
530 0.051044
531 0.044256
532 0.044758
533 0.038935
534 0.038905
535 0.039232
536 0.038753
537 0.038973
538 0.038586
539 0.038968
540 0.039099
541 0.040584
542 0.042077
543 0.040325
544 0.04024
FPS 26
545 0.045708
546 0.045911
547 0.045559
548 0.04049
549 0.039895
550 0.040441
551 0.039966
552 0.042336
553 0.040234
554 0.040434
555 0.04439
556 0.041778
557 0.040186
558 0.044154
559 0.040345
560 0.040568
561 0.051861
562 0.042851
563 0.041378
564 0.041848
565 0.045449
566 0.045465
567 0.047134
568 0.041733
569 0.045627
FPS 25
570 0.043054
571 0.041963
572 0.041747
573 0.041572
574 0.043144
575 0.041954
576 0.041322
577 0.041941
578 0.046557
579 0.042485
580 0.041545
581 0.049934
582 0.042786
583 0.043131
584 0.043258
585 0.042524
586 0.042743
587 0.043076
588 0.042864
589 0.042865
590 0.042838
591 0.044645
592 0.04812
593 0.043202
594 0.043532
FPS 25
595 0.050189
596 0.051428
597 0.042854
598 0.042874
599 0.042885
600 0.04323
601 0.044105
602 0.044175
603 0.04409
604 0.049576
605 0.045737
606 0.044353
607 0.044275
608 0.044353
609 0.044329
610 0.047291
611 0.043966
612 0.0443
613 0.044134
614 0.044064
615 0.044168
616 0.053
617 0.044097
618 0.044412
FPS 24
619 0.048606
620 0.046739
621 0.050176
622 0.056323
623 0.052173
624 0.045914
625 0.049695
626 0.046007
627 0.045371
628 0.045563
629 0.047112
630 0.047981
631 0.045647
632 0.0498
633 0.045422
634 0.045347
635 0.045475
636 0.046388
637 0.045454
638 0.050159
639 0.045647
640 0.052951
FPS 22
641 0.048446
642 0.046833
643 0.04947
644 0.046964
645 0.046902
646 0.046945
647 0.049142
648 0.046846
649 0.047167
650 0.048433
651 0.051222
652 0.047396
653 0.047274
654 0.06028
655 0.05953
656 0.05763
657 0.057709
658 0.051167
659 0.047081
660 0.048119
661 0.050025
FPS 21
662 0.048897
663 0.048388
664 0.052492
665 0.056415
666 0.048625
667 0.048342
668 0.048511
669 0.048532
670 0.048216
671 0.049917
672 0.052025
673 0.048162
674 0.048357
675 0.048203
676 0.052569
677 0.049017
678 0.055859
679 0.047981
680 0.049605
681 0.053454
682 0.049656
FPS 21
683 0.050044
684 0.049533
685 0.06144
686 0.050033
687 0.049459
688 0.04993
689 0.049449
690 0.049581
691 0.049396
692 0.051008
693 0.052611
694 0.04943
695 0.049474
696 0.049827
697 0.049465
698 0.051905
699 0.049453
700 0.049515
701 0.052372
702 0.05066
703 0.050697
FPS 21
704 0.055359
705 0.051387
706 0.055806
707 0.059247
708 0.054734
709 0.05099
710 0.050958
711 0.050857
712 0.053298
713 0.055513
714 0.050851
715 0.050892
716 0.051553
717 0.050609
718 0.050992
719 0.050852
720 0.050539
721 0.054582
722 0.052115
723 0.051867
FPS 20
724 0.053032
725 0.0523
726 0.060518
727 0.053115
728 0.051999
729 0.051936
730 0.057
731 0.058799
732 0.05344
733 0.052944
734 0.052056
735 0.052023
736 0.052227
737 0.052362
738 0.051923
739 0.052328
740 0.060829
741 0.056283
742 0.053904
743 0.053525
FPS 20
744 0.064617
745 0.054057
746 0.053575
747 0.057282
748 0.053412
749 0.053682
750 0.057358
751 0.053418
752 0.054809
753 0.057766
754 0.053686
755 0.058553
756 0.056205
757 0.058531
758 0.06623
759 0.054888
760 0.05371
761 0.057218
762 0.063398
FPS 19
763 0.05535
764 0.060629
765 0.055513
766 0.054899
767 0.054882
768 0.060563
769 0.056626
770 0.055259
771 0.06044
772 0.054632
773 0.05905
774 0.054669
775 0.054569
776 0.058518
777 0.05505
778 0.058101
779 0.066359
780 0.05878
781 0.056761
FPS 19
782 0.057014
783 0.056153
784 0.058686
785 0.055814
786 0.067261
787 0.061322
788 0.056322
789 0.06014
790 0.05749
791 0.056097
792 0.055892
793 0.05584
794 0.058643
795 0.058477
796 0.05602
797 0.056017
798 0.057257
799 0.056012
800 0.061249
FPS 19
801 0.060435
802 0.063316
803 0.071137
804 0.057118
805 0.05753
806 0.057355
807 0.057879
808 0.058561
809 0.057347
810 0.057169
811 0.05852
812 0.057287
813 0.057583
814 0.063112
815 0.057351
816 0.065562
817 0.057692
818 0.061021
FPS 18
819 0.058306
820 0.05724
821 0.059205
822 0.058898
823 0.075152
824 0.058801
825 0.058501
826 0.064285
827 0.058457
828 0.058355
829 0.058542
830 0.05863
831 0.058314
832 0.058539
833 0.062564
834 0.060264
835 0.058512
836 0.063765
FPS 18
837 0.062566
838 0.058582
839 0.058728
840 0.058696
841 0.060027
842 0.063916
843 0.059729
844 0.061625
845 0.060289
846 0.065164
847 0.061062
848 0.070704
849 0.062741
850 0.05988
851 0.060132
852 0.065395
853 0.059709
854 0.059918
FPS 18
855 0.063326
856 0.059862
857 0.05989
858 0.063938
859 0.060179
860 0.059961
861 0.067746
862 0.062806
863 0.061215
864 0.061535
865 0.065421
866 0.061429
867 0.061159
868 0.076541
869 0.070454
870 0.061659
871 0.063064
FPS 17
872 0.073034
873 0.061029
874 0.061474
875 0.064743
876 0.06129
877 0.061394
878 0.064613
879 0.064296
880 0.061897
881 0.063203
882 0.064744
883 0.062699
884 0.062402
885 0.062406
886 0.067889
887 0.062778
888 0.066768
FPS 17
889 0.064221
890 0.066093
891 0.074086
892 0.066654
893 0.070615
894 0.062368
895 0.062543
896 0.06435
897 0.062688
898 0.065919
899 0.066836
900 0.062637
901 0.076817
902 0.063894
903 0.065254
904 0.063899
905 0.064014
FPS 17
906 0.06491
907 0.063597
908 0.063938
909 0.063665
910 0.076506
911 0.063594
912 0.06385
913 0.065369
914 0.064367
915 0.064072
916 0.064048
917 0.066484
918 0.066171
919 0.064051
920 0.065522
921 0.074504
922 0.076384
FPS 17
923 0.066113
924 0.064973
925 0.069242
926 0.065186
927 0.07762
928 0.067524
929 0.065145
930 0.065782
931 0.069775
932 0.067243
933 0.07879
934 0.066718
935 0.078583
936 0.077934
937 0.076558
938 0.070872
FPS 16
939 0.06543
940 0.072569
941 0.071691
942 0.070677
943 0.07032
944 0.066759
945 0.068115
946 0.069137
947 0.066669
948 0.070431
949 0.075223
950 0.069455
951 0.070614
952 0.067864
953 0.066486
954 0.066511
FPS 16
955 0.06856
956 0.070889
957 0.070799
958 0.070866
959 0.070496
960 0.071452
961 0.071577
962 0.067837
963 0.068422
964 0.067807
965 0.068083
966 0.068039
967 0.072015
968 0.07525
969 0.068415
970 0.082509
FPS 16
971 0.069311
972 0.072547
973 0.06728
974 0.067999
975 0.071618
976 0.067911
977 0.069215
978 0.068235
979 0.06831
980 0.074884
981 0.069222
982 0.068977
983 0.071425
984 0.070242
985 0.074063
986 0.069977
FPS 16
987 0.075444
988 0.076303
989 0.0689
990 0.073886
991 0.069127
992 0.069214
993 0.070046
994 0.069322
995 0.069601
996 0.073555
997 0.072971
998 0.069249
999 0.075559
1000 0.083997
1001 0.071379
FPS 15
1002 0.070907
1003 0.072114
1004 0.070897
1005 0.070502
1006 0.071804
1007 0.071558
1008 0.076218
1009 0.079551
1010 0.070031
1011 0.071562
1012 0.070286
1013 0.0701
1014 0.071774
1015 0.070573
1016 0.070629
FPS 15
1017 0.077513
1018 0.071745
1019 0.070786
1020 0.070428
1021 0.072001
1022 0.072029
1023 0.073454
1024 0.079064
1025 0.077957
1026 0.071358
1027 0.076231
1028 0.076707
1029 0.077298
1030 0.071633
1031 0.071675
FPS 15
1032 0.075784
1033 0.071871
1034 0.076233
1035 0.071928
1036 0.078861
1037 0.071792
1038 0.076019
1039 0.074387
1040 0.071691
1041 0.081508
1042 0.092487
1043 0.073895
1044 0.090393
1045 0.073916
FPS 14
1046 0.078505
1047 0.073514
1048 0.081466
1049 0.073365
1050 0.079663
1051 0.073358
1052 0.074717
1053 0.07302
1054 0.077532
1055 0.073244
1056 0.077062
1057 0.072883
1058 0.082214
1059 0.089184
1060 0.072896
FPS 15
1061 0.076085
1062 0.077997
1063 0.078875
1064 0.078531
1065 0.078812
1066 0.074549
1067 0.076203
1068 0.080851
1069 0.083171
1070 0.082161
1071 0.079016
1072 0.074419
1073 0.079582
1074 0.074514
FPS 14
1075 0.080213
1076 0.091521
1077 0.091602
1078 0.085468
1079 0.08099
1080 0.074377
1081 0.077116
1082 0.077959
1083 0.076094
1084 0.07689
1085 0.075638
1086 0.079782
1087 0.078359
1088 0.07573
FPS 14
1089 0.080232
1090 0.093284
1091 0.087669
1092 0.077772
1093 0.075877
1094 0.077051
1095 0.075692
1096 0.079928
1097 0.075757
1098 0.076003
1099 0.07594
1100 0.078299
1101 0.08658
1102 0.079221
FPS 14
1103 0.086624
1104 0.076911
1105 0.082088
1106 0.076854
1107 0.077122
1108 0.078997
1109 0.086113
1110 0.086973
1111 0.076636
1112 0.076745
1113 0.077136
1114 0.082229
1115 0.077067
1116 0.076868
FPS 14
1117 0.081964
1118 0.076762
1119 0.081006
1120 0.076886
1121 0.085557
1122 0.079424
1123 0.090923
1124 0.088463
1125 0.081826
1126 0.083349
1127 0.078241
1128 0.079616
1129 0.082612
1130 0.086126
FPS 14
1131 0.083019
1132 0.078589
1133 0.078589
1134 0.078441
1135 0.078264
1136 0.07969
1137 0.078638
1138 0.084071
1139 0.082468
1140 0.082238
1141 0.084966
1142 0.096547
1143 0.089955
1144 0.079919
FPS 14
1145 0.084008
1146 0.079957
1147 0.079187
1148 0.080209
1149 0.081202
1150 0.086608
1151 0.080505
1152 0.081986
1153 0.084092
1154 0.080385
1155 0.079874
1156 0.081562
1157 0.084902
1158 0.086455
FPS 14
1159 0.080887
1160 0.079596
1161 0.085244
1162 0.081193
1163 0.08127
1164 0.082786
1165 0.085263
1166 0.081086
1167 0.08813
1168 0.083379
1169 0.08922
1170 0.082589
1171 0.096059
FPS 13
1172 0.081815
1173 0.087509
1174 0.092002
1175 0.085859
1176 0.08086
1177 0.082515
1178 0.081717
1179 0.0812
1180 0.084981
1181 0.08299
1182 0.092071
1183 0.090079
1184 0.082111
FPS 13
1185 0.09153
1186 0.082492
1187 0.082777
1188 0.08883
1189 0.088554
1190 0.08783
1191 0.081973
1192 0.081982
1193 0.082081
1194 0.086293
1195 0.08521
1196 0.083064
1197 0.087795
FPS 13
1198 0.083092
1199 0.081917
1200 0.086808
1201 0.088315
1202 0.083668
1203 0.085345
1204 0.088873
1205 0.084727
1206 0.097806
1207 0.083488
1208 0.084977
1209 0.083315
1210 0.084201
FPS 13
1211 0.094786
1212 0.083853
1213 0.092169
1214 0.087437
1215 0.0875
1216 0.084881
1217 0.091578
1218 0.084031
1219 0.08313
1220 0.09699
1221 0.088666
1222 0.088804
1223 0.084719
FPS 13
1224 0.087135
1225 0.085005
1226 0.085431
1227 0.085494
1228 0.088174
1229 0.093472
1230 0.084568
1231 0.089043
1232 0.091288
1233 0.084737
1234 0.090165
1235 0.091986
1236 0.094948
FPS 13
1237 0.085481
1238 0.085024
1239 0.084384
1240 0.087568
1241 0.086215
1242 0.087628
1243 0.08699
1244 0.091577
1245 0.092385
1246 0.086123
1247 0.08755
1248 0.086124
1249 0.095169
FPS 13
1250 0.101886
1251 0.085947
1252 0.087157
1253 0.090311
1254 0.085763
1255 0.091175
1256 0.085883
1257 0.086272
1258 0.090564
1259 0.094106
1260 0.087936
1261 0.090689
1262 0.087456
FPS 13
1263 0.08819
1264 0.104311
1265 0.088538
1266 0.098626
1267 0.093038
1268 0.106494
1269 0.10709
1270 0.098511
1271 0.087772
1272 0.087401
1273 0.087405
1274 0.087737
FPS 12
1275 0.091654
1276 0.0951
1277 0.089961
1278 0.092949
1279 0.100536
1280 0.088606
1281 0.09327
1282 0.088878
1283 0.092885
1284 0.088988
1285 0.091104
1286 0.093137
FPS 12
1287 0.09109
1288 0.089028
1289 0.088964
1290 0.093103
1291 0.092748
1292 0.090434
1293 0.090424
1294 0.098293
1295 0.108191
1296 0.090791
1297 0.098009
1298 0.088596
FPS 12
1299 0.093523
1300 0.091019
1301 0.095112
1302 0.09667
1303 0.095575
1304 0.089993
1305 0.093913
1306 0.089668
1307 0.089872
1308 0.106596
1309 0.0902
1310 0.089932
FPS 12
1311 0.090318
1312 0.089934
1313 0.089982
1314 0.089936
1315 0.091547
1316 0.089906
1317 0.09069
1318 0.089793
1319 0.093951
1320 0.100728
1321 0.091737
1322 0.09631
FPS 12
1323 0.105972
1324 0.106078
1325 0.095638
1326 0.091894
1327 0.092856
1328 0.097827
1329 0.091547
1330 0.093445
1331 0.091436
1332 0.102263
1333 0.101057
1334 0.095445
FPS 12
1335 0.091713
1336 0.108164
1337 0.101046
1338 0.091129
1339 0.096955
1340 0.091137
1341 0.093469
1342 0.092838
1343 0.093101
1344 0.101972
1345 0.096755
1346 0.100899
FPS 12
1347 0.096435
1348 0.092603
1349 0.093174
1350 0.099312
1351 0.107568
1352 0.096811
1353 0.093259
1354 0.092576
1355 0.093064
1356 0.094263
1357 0.101071
1358 0.09734
FPS 12
1359 0.097059
1360 0.092673
1361 0.094394
1362 0.094034
1363 0.095892
1364 0.101566
1365 0.100094
1366 0.102238
1367 0.093973
1368 0.099304
1369 0.101556
1370 0.093861
FPS 12
1371 0.101764
1372 0.098035
1373 0.093758
1374 0.093913
1375 0.09788
1376 0.093929
1377 0.094311
1378 0.10006
1379 0.112665
1380 0.110878
1381 0.111902
1382 0.094947
FPS 12
1383 0.103348
1384 0.101129
1385 0.096519
1386 0.094942
1387 0.100835
1388 0.099193
1389 0.099299
1390 0.095219
1391 0.106702
1392 0.096747
1393 0.096627
1394 0.099714
FPS 12
1395 0.100407
1396 0.102897
1397 0.095098
1398 0.105027
1399 0.096736
1400 0.099518
1401 0.10264
1402 0.097843
1403 0.100665
1404 0.100004
1405 0.097834
FPS 11
1406 0.106804
1407 0.101715
1408 0.096883
1409 0.096256
1410 0.098282
1411 0.100311
1412 0.104492
1413 0.096282
1414 0.096822
1415 0.10293
1416 0.096195
FPS 11
1417 0.096926
1418 0.108105
1419 0.09688
1420 0.100376
1421 0.102748
1422 0.111028
1423 0.097872
1424 0.09884
1425 0.109117
1426 0.098941
1427 0.098097
FPS 11
1428 0.098984
1429 0.103935
1430 0.097633
1431 0.102331
1432 0.115207
1433 0.104918
1434 0.100166
1435 0.103079
1436 0.106692
1437 0.107274
1438 0.098198
FPS 11
1439 0.10338
1440 0.097849
1441 0.113364
1442 0.099746
1443 0.100545
1444 0.098701
1445 0.107416
1446 0.103549
1447 0.105693
1448 0.101107
1449 0.105027
FPS 11
1450 0.104126
1451 0.098701
1452 0.102924
1453 0.101506
1454 0.106167
1455 0.113549
1456 0.102344
1457 0.09944
1458 0.100675
1459 0.099135
1460 0.107218
FPS 11
1461 0.1107
1462 0.102725
1463 0.104876
1464 0.101656
1465 0.106409
1466 0.100823
1467 0.116398
1468 0.103397
1469 0.100699
1470 0.101932
1471 0.103389
FPS 11
1472 0.115674
1473 0.109038
1474 0.100726
1475 0.100709
1476 0.101579
1477 0.100325
1478 0.104557
1479 0.101014
1480 0.107383
1481 0.113644
1482 0.106966
FPS 11
1483 0.102279
1484 0.10594
1485 0.106598
1486 0.117683
1487 0.108133
1488 0.101671
1489 0.105686
1490 0.106018
1491 0.102773
1492 0.103956
1493 0.115077
FPS 11
1494 0.111232
1495 0.110233
1496 0.107904
1497 0.102795
1498 0.12439
1499 0.117406
1500 0.119126
1501 0.12124
1502 0.122103
1503 0.127878
FPS 10
1504 0.108054
1505 0.105622
1506 0.102966
1507 0.107051
1508 0.109974
1509 0.102786
1510 0.103099
1511 0.107013
1512 0.108785
1513 0.102878
1514 0.110528
FPS 11
1515 0.104935
1516 0.107312
1517 0.110866
1518 0.107179
1519 0.108594
1520 0.103361
1521 0.111565
1522 0.104283
1523 0.110483
1524 0.10443
1525 0.104597
FPS 11
1526 0.111498
1527 0.116099
1528 0.108734
1529 0.125559
1530 0.124145
1531 0.110716
1532 0.110975
1533 0.105518
1534 0.105886
1535 0.105987
FPS 10
1536 0.108627
1537 0.106848
1538 0.124104
1539 0.108244
1540 0.105571
1541 0.110419
1542 0.110337
1543 0.105845
1544 0.10712
1545 0.118936
1546 0.105751
FPS 11
1547 0.109605
1548 0.110355
1549 0.109733
1550 0.115166
1551 0.117891
1552 0.110406
1553 0.105491
1554 0.106133
1555 0.107425
1556 0.109453
1557 0.105913
FPS 11
1558 0.106797
1559 0.11377
1560 0.108702
1561 0.111671
1562 0.118485
1563 0.1137
1564 0.108284
1565 0.107036
1566 0.112289
1567 0.115657
FPS 10
1568 0.113166
1569 0.113861
1570 0.123506
1571 0.106969
1572 0.112604
1573 0.117967
1574 0.111769
1575 0.112698
1576 0.123113
1577 0.113274
FPS 10
1578 0.10875
1579 0.109407
1580 0.107228
1581 0.121474
1582 0.115611
1583 0.108619
1584 0.111462
1585 0.108963
1586 0.118634
1587 0.113998
FPS 10
1588 0.113924
1589 0.108483
1590 0.115082
1591 0.112286
1592 0.111642
1593 0.115764
1594 0.122499
1595 0.113516
1596 0.112403
1597 0.107848
FPS 10
1598 0.109848
1599 0.12723
1600 0.112321
1601 0.110556
1602 0.112338
1603 0.114438
1604 0.115401
1605 0.115391
1606 0.110626
1607 0.116646
FPS 10
1608 0.121777
1609 0.122765
1610 0.117815
1611 0.11047
1612 0.111598
1613 0.112226
1614 0.114311
1615 0.110204
1616 0.115549
1617 0.109968
FPS 10
1618 0.113772
1619 0.1099
1620 0.109719
1621 0.12265
1622 0.133174
1623 0.127906
1624 0.121987
1625 0.111054
1626 0.116833
1627 0.112074
FPS 10
1628 0.114244
1629 0.119305
1630 0.114898
1631 0.120641
1632 0.125262
1633 0.110761
1634 0.111169
1635 0.116068
1636 0.123678
1637 0.115182
FPS 10
1638 0.115822
1639 0.113559
1640 0.111075
1641 0.112668
1642 0.11378
1643 0.11837
1644 0.117012
1645 0.133317
1646 0.118495
1647 0.118044
FPS 10
1648 0.133061
1649 0.1348
1650 0.136573
1651 0.135763
1652 0.118295
1653 0.112145
1654 0.122707
1655 0.114937
1656 0.113931
FPS 9
1657 0.117386
1658 0.112971
1659 0.112373
1660 0.121583
1661 0.113662
1662 0.114513
1663 0.113579
1664 0.11948
1665 0.119269
1666 0.120139
FPS 10
1667 0.114896
1668 0.118049
1669 0.118214
1670 0.117534
1671 0.122036
1672 0.119582
1673 0.113746
1674 0.113566
1675 0.124067
1676 0.125313
FPS 10
1677 0.115988
1678 0.121787
1679 0.115675
1680 0.119475
1681 0.119741
1682 0.119404
1683 0.119433
1684 0.11882
1685 0.116456
1686 0.119769
FPS 10
1687 0.121503
1688 0.129879
1689 0.118878
1690 0.125214
1691 0.121742
1692 0.117713
1693 0.121006
1694 0.125624
1695 0.115119
1696 0.123199
FPS 10
1697 0.122799
1698 0.124625
1699 0.119433
1700 0.126983
1701 0.117018
1702 0.117591
1703 0.122391
1704 0.125685
1705 0.116361
1706 0.120577
FPS 10
1707 0.125941
1708 0.13931
1709 0.118332
1710 0.121646
1711 0.11619
1712 0.116277
1713 0.116289
1714 0.122061
1715 0.12662
1716 0.118124
FPS 10
1717 0.118514
1718 0.115938
1719 0.124718
1720 0.131759
1721 0.123547
1722 0.117798
1723 0.121961
1724 0.119519
1725 0.117599
1726 0.123117
FPS 10
1727 0.122809
1728 0.118815
1729 0.117199
1730 0.126132
1731 0.129662
1732 0.126669
1733 0.125745
1734 0.119522
1735 0.12196
1736 0.117412
FPS 10
1737 0.122369
1738 0.117659
1739 0.121436
1740 0.118881
1741 0.123076
1742 0.127651
1743 0.123271
1744 0.124371
1745 0.126804
1746 0.119144
FPS 10
1747 0.12982
1748 0.122601
1749 0.119313
1750 0.119944
1751 0.122513
1752 0.119692
1753 0.129244
1754 0.137115
1755 0.145791
FPS 9
1756 0.128232
1757 0.129488
1758 0.119328
1759 0.123402
1760 0.120733
1761 0.120299
1762 0.133219
1763 0.122649
1764 0.125786
1765 0.120537
FPS 10
1766 0.124798
1767 0.128392
1768 0.121017
1769 0.125273
1770 0.120121
1771 0.124591
1772 0.12054
1773 0.128293
1774 0.139065
1775 0.124556
FPS 10
1776 0.124775
1777 0.124202
1778 0.121106
1779 0.121386
1780 0.12025
1781 0.122095
1782 0.127963
1783 0.122842
1784 0.137833
1785 0.134347
FPS 10
1786 0.125008
1787 0.121572
1788 0.121196
1789 0.128299
1790 0.124107
1791 0.125362
1792 0.120892
1793 0.122838
1794 0.130612
1795 0.134581
FPS 10
1796 0.121587
1797 0.125118
1798 0.125171
1799 0.127653
1800 0.131518
1801 0.125288
1802 0.122605
1803 0.124452
1804 0.130096
FPS 9
1805 0.123066
1806 0.129267
1807 0.122992
1808 0.124722
1809 0.127531
1810 0.127627
1811 0.122939
1812 0.125031
1813 0.129088
FPS 9
1814 0.129673
1815 0.138049
1816 0.135677
1817 0.12864
1818 0.12287
1819 0.122942
1820 0.130823
1821 0.129772
1822 0.124254
FPS 9
1823 0.124869
1824 0.140318
1825 0.130766
1826 0.133534
1827 0.131151
1828 0.124644
1829 0.130646
1830 0.134266
1831 0.125151
FPS 9
1832 0.127468
1833 0.124123
1834 0.130779
1835 0.142374
1836 0.151774
1837 0.141862
1838 0.123925
1839 0.125414
1840 0.124269
FPS 9
1841 0.135754
1842 0.125377
1843 0.125018
1844 0.141204
1845 0.12577
1846 0.125034
1847 0.134887
1848 0.131618
1849 0.130721
FPS 9
1850 0.136745
1851 0.12533
1852 0.12531
1853 0.126556
1854 0.13112
1855 0.141606
1856 0.131988
1857 0.127461
1858 0.128214
FPS 9
1859 0.128592
1860 0.128238
1861 0.127175
1862 0.132652
1863 0.126979
1864 0.130897
1865 0.138625
1866 0.130862
1867 0.127395
FPS 9
1868 0.127854
1869 0.127765
1870 0.126687
1871 0.128293
1872 0.126931
1873 0.126222
1874 0.137574
1875 0.128365
1876 0.142501
FPS 9
1877 0.127273
1878 0.130832
1879 0.126886
1880 0.137074
1881 0.131259
1882 0.128304
1883 0.131672
1884 0.132257
1885 0.150167
FPS 9
1886 0.128974
1887 0.132584
1888 0.138856
1889 0.129735
1890 0.132463
1891 0.127661
1892 0.128891
1893 0.127676
1894 0.13212
FPS 9
1895 0.145165
1896 0.131149
1897 0.12786
1898 0.129435
1899 0.140977
1900 0.143608
1901 0.130777
1902 0.129718
1903 0.129369
FPS 9
1904 0.146199
1905 0.129198
1906 0.129337
1907 0.155026
1908 0.133293
1909 0.134562
1910 0.130339
1911 0.131144
1912 0.133523
FPS 9
1913 0.14397
1914 0.138769
1915 0.142042
1916 0.130689
1917 0.129431
1918 0.138378
1919 0.141954
1920 0.134985
1921 0.134749
FPS 9
1922 0.135288
1923 0.150598
1924 0.134081
1925 0.131948
1926 0.134597
1927 0.131034
1928 0.138457
1929 0.130444
1930 0.130979
FPS 9
1931 0.131276
1932 0.130578
1933 0.13348
1934 0.144054
1935 0.131298
1936 0.130636
1937 0.134462
1938 0.13612
1939 0.14199
FPS 9
1940 0.138555
1941 0.132618
1942 0.144463
1943 0.144065
1944 0.136862
1945 0.133896
1946 0.132819
1947 0.132269
1948 0.145209
FPS 9
1949 0.132845
1950 0.142025
1951 0.131748
1952 0.140647
1953 0.145165
1954 0.156383
1955 0.148763
1956 0.131957
1957 0.133233
FPS 9
1958 0.136467
1959 0.131972
1960 0.134701
1961 0.154497
1962 0.133434
1963 0.14169
1964 0.140196
1965 0.133067
1966 0.144732
FPS 9
1967 0.135093
1968 0.137175
1969 0.141453
1970 0.141834
1971 0.151437
1972 0.137407
1973 0.13467
1974 0.133555
1975 0.133312
FPS 9
1976 0.134321
1977 0.137067
1978 0.138525
1979 0.134895
1980 0.147919
1981 0.135133
1982 0.139548
1983 0.134503
1984 0.134749
FPS 9
1985 0.142244
1986 0.134429
1987 0.134324
1988 0.137131
1989 0.139405
1990 0.143973
1991 0.149956
1992 0.137132
1993 0.134249
FPS 9
1994 0.140672
1995 0.149224
1996 0.13422
1997 0.135309
1998 0.138652
1999 0.147666
2000 0.140506
2001 0.135856
2002 0.135878
FPS 9
2003 0.136889
2004 0.152276
2005 0.147293
2006 0.136922
2007 0.140659
2008 0.144316
2009 0.146227
2010 0.135621
FPS 8
2011 0.141037
2012 0.135165
2013 0.136284
2014 0.149387
2015 0.136477
2016 0.139712
2017 0.14578
2018 0.144261
2019 0.139472
FPS 9
2020 0.141439
2021 0.136828
2022 0.143196
2023 0.142785
2024 0.159762
2025 0.144556
2026 0.145489
2027 0.158617
FPS 8
2028 0.145066
2029 0.138612
2030 0.137671
2031 0.14699
2032 0.138242
2033 0.145869
2034 0.142495
2035 0.149998
2036 0.137134
FPS 9
2037 0.142357
2038 0.137057
2039 0.140747
2040 0.153595
2041 0.142714
2042 0.142576
2043 0.140348
2044 0.148236
2045 0.146012
FPS 9
2046 0.13922
2047 0.142015
2048 0.142211
2049 0.148143
2050 0.138443
2051 0.139538
2052 0.143933
2053 0.149224
2054 0.145564
FPS 9
2055 0.143245
2056 0.137993
2057 0.142355
2058 0.146993
2059 0.142464
2060 0.146402
2061 0.142201
2062 0.146913
FPS 8
2063 0.147503
2064 0.13929
2065 0.139695
2066 0.152725
2067 0.144569
2068 0.14409
2069 0.143527
2070 0.139306
FPS 8
2071 0.151414
2072 0.139246
2073 0.139223
2074 0.145246
2075 0.144147
2076 0.149399
2077 0.141358
2078 0.139567
FPS 8
2079 0.144568
2080 0.144935
2081 0.155724
2082 0.145113
2083 0.14526
2084 0.142147
2085 0.147162
2086 0.148212
FPS 8
2087 0.157709
2088 0.143169
2089 0.158437
2090 0.153937
2091 0.145774
2092 0.140832
2093 0.14866
2094 0.145591
FPS 8
2095 0.141869
2096 0.143601
2097 0.156654
2098 0.158881
2099 0.1412
2100 0.145167
2101 0.144182
2102 0.142502
FPS 8
2103 0.145982
2104 0.144391
2105 0.142836
2106 0.15653
2107 0.159121
2108 0.142541
2109 0.144295
2110 0.14234
FPS 8
2111 0.148737
2112 0.142419
2113 0.142255
2114 0.143783
2115 0.154968
2116 0.159798
2117 0.149774
2118 0.143081
FPS 8
2119 0.143044
2120 0.146397
2121 0.144138
2122 0.145513
2123 0.148044
2124 0.157668
2125 0.144683
2126 0.151919
FPS 8
2127 0.146929
2128 0.143447
2129 0.154095
2130 0.153264
2131 0.143722
2132 0.143675
2133 0.15188
2134 0.172345
FPS 8
2135 0.151637
2136 0.14368
2137 0.154718
2138 0.145619
2139 0.147342
2140 0.143578
2141 0.161092
2142 0.146993
FPS 8
2143 0.149798
2144 0.144467
2145 0.14917
2146 0.150758
2147 0.144376
2148 0.14923
2149 0.151232
2150 0.151035
FPS 8
2151 0.153811
2152 0.148673
2153 0.148313
2154 0.147106
2155 0.15841
2156 0.149544
2157 0.146887
2158 0.144863
FPS 8
2159 0.148552
2160 0.147177
2161 0.146383
2162 0.151529
2163 0.146232
2164 0.154691
2165 0.1519
2166 0.150201
FPS 8
2167 0.157252
2168 0.166275
2169 0.146266
2170 0.147226
2171 0.150551
2172 0.159674
2173 0.155703
2174 0.1517
FPS 8
2175 0.159696
2176 0.158487
2177 0.150875
2178 0.149701
2179 0.158842
2180 0.1575
2181 0.153566
2182 0.15498
FPS 8
2183 0.15425
2184 0.166401
2185 0.164572
2186 0.147172
2187 0.147641
2188 0.157278
2189 0.156898
2190 0.152264
FPS 8
2191 0.158172
2192 0.164483
2193 0.158345
2194 0.147652
2195 0.152277
2196 0.15542
2197 0.149592
2198 0.157109
FPS 8
2199 0.15644
2200 0.161367
2201 0.184764
2202 0.173424
2203 0.149237
2204 0.14918
2205 0.159719
2206 0.149277
FPS 8
2207 0.153282
2208 0.163024
2209 0.158234
2210 0.157615
2211 0.163869
2212 0.153818
2213 0.157151
2214 0.153131
FPS 8
2215 0.156384
2216 0.158393
2217 0.165641
2218 0.148743
2219 0.157712
2220 0.149966
2221 0.155063
2222 0.154072
FPS 8
2223 0.154939
2224 0.163981
2225 0.161989
2226 0.150536
2227 0.150115
2228 0.152298
2229 0.157475
2230 0.150545
FPS 8
2231 0.154642
2232 0.153772
2233 0.172077
2234 0.157422
2235 0.149714
2236 0.15932
2237 0.15234
2238 0.156259
FPS 8
2239 0.151582
2240 0.150281
2241 0.162004
2242 0.151516
2243 0.157544
2244 0.152983
2245 0.155696
2246 0.152033
FPS 8
2247 0.154835
2248 0.151087
2249 0.152382
2250 0.159275
2251 0.169024
2252 0.155676
2253 0.168952
2254 0.152203
FPS 8
2255 0.151934
2256 0.156634
2257 0.157534
2258 0.160576
2259 0.151729
2260 0.161366
2261 0.158925
2262 0.154644
FPS 8
2263 0.156904
2264 0.157597
2265 0.158091
2266 0.170599
2267 0.165017
2268 0.154618
2269 0.153109
2270 0.168333
FPS 8
2271 0.156213
2272 0.152317
2273 0.153957
2274 0.172749
2275 0.15882
2276 0.161397
2277 0.161981
2278 0.170004
FPS 8
2279 0.157491
2280 0.163343
2281 0.169027
2282 0.177808
2283 0.155267
2284 0.159446
2285 0.154047
2286 0.160427
FPS 8
2287 0.159666
2288 0.158417
2289 0.16421
2290 0.160829
2291 0.153837
2292 0.159602
2293 0.158179
2294 0.166172
FPS 8
2295 0.158801
2296 0.156562
2297 0.16464
2298 0.172994
2299 0.17578
2300 0.175016
2301 0.163818
FPS 7
2302 0.159532
2303 0.15567
2304 0.16299
2305 0.172922
2306 0.155305
2307 0.160347
2308 0.155471
2309 0.155031
FPS 8
2310 0.160742
2311 0.162078
2312 0.160738
2313 0.164845
2314 0.173492
2315 0.156551
2316 0.156155
2317 0.155621
FPS 8
2318 0.164081
2319 0.157349
2320 0.16086
2321 0.171347
2322 0.165903
2323 0.157941
2324 0.169123
2325 0.166659
FPS 8
2326 0.164159
2327 0.156433
2328 0.161626
2329 0.16641
2330 0.171981
2331 0.162099
2332 0.156398
2333 0.159022
FPS 8
2334 0.16893
2335 0.161843
2336 0.158036
2337 0.173651
2338 0.161066
2339 0.157812
2340 0.157138
2341 0.162171
FPS 8
2342 0.170416
2343 0.161846
2344 0.16344
2345 0.166025
2346 0.169514
2347 0.167865
2348 0.164763
2349 0.167423
FPS 8
2350 0.177775
2351 0.157328
2352 0.168976
2353 0.168675
2354 0.157926
2355 0.157951
2356 0.163571
2357 0.164401
FPS 8
2358 0.165777
2359 0.157545
2360 0.170423
2361 0.185412
2362 0.180739
2363 0.16156
2364 0.170096
FPS 7
2365 0.170767
2366 0.167205
2367 0.173119
2368 0.16226
2369 0.162341
2370 0.160159
2371 0.161256
2372 0.16681
FPS 8
2373 0.167305
2374 0.165202
2375 0.180775
2376 0.16256
2377 0.15934
2378 0.161424
2379 0.165778
2380 0.163243
FPS 8
2381 0.170447
2382 0.175485
2383 0.166958
2384 0.161509
2385 0.165072
2386 0.175497
2387 0.165613
FPS 7
2388 0.166361
2389 0.169452
2390 0.184583
2391 0.181709
2392 0.161686
2393 0.162457
2394 0.161382
FPS 7
2395 0.166022
2396 0.168527
2397 0.171227
2398 0.17291
2399 0.165209
2400 0.162396
2401 0.165684
FPS 7
2402 0.167365
2403 0.162266
2404 0.167583
2405 0.172206
2406 0.173699
2407 0.163724
2408 0.162723
FPS 7
2409 0.175976
2410 0.169806
2411 0.172862
2412 0.17742
2413 0.168425
2414 0.168764
2415 0.163495
FPS 7
2416 0.171732
2417 0.168376
2418 0.163841
2419 0.175159
2420 0.167496
2421 0.184847
2422 0.167438
FPS 7
2423 0.168132
2424 0.173719
2425 0.180806
2426 0.174548
2427 0.177
2428 0.172591
2429 0.164693
FPS 7
2430 0.165372
2431 0.167847
2432 0.166381
2433 0.165924
2434 0.172043
2435 0.181122
2436 0.168256
FPS 7
2437 0.168536
2438 0.173512
2439 0.165034
2440 0.167443
2441 0.17315
2442 0.178428
2443 0.168347
FPS 7
2444 0.165747
2445 0.172853
2446 0.169273
2447 0.165848
2448 0.164779
2449 0.181221
2450 0.182102
FPS 7
2451 0.182539
2452 0.168862
2453 0.169122
2454 0.164354
2455 0.169113
2456 0.167159
2457 0.184635
FPS 7
2458 0.167694
2459 0.168827
2460 0.166194
2461 0.170504
2462 0.166065
2463 0.171717
2464 0.171488
FPS 7
2465 0.169654
2466 0.172202
2467 0.174895
2468 0.174219
2469 0.16666
2470 0.169386
2471 0.173407
FPS 7
2472 0.170732
2473 0.165839
2474 0.172178
2475 0.17067
2476 0.16626
2477 0.167859
2478 0.166263
FPS 7
2479 0.179158
2480 0.172365
2481 0.16895
2482 0.175775
2483 0.177355
2484 0.174632
2485 0.167018
FPS 7
2486 0.180506
2487 0.175272
2488 0.168293
2489 0.171002
2490 0.171854
2491 0.179636
2492 0.167121
FPS 7
2493 0.173613
2494 0.193667
2495 0.168765
2496 0.167205
2497 0.167619
2498 0.172601
2499 0.175957
FPS 7
2500 0.190211
2501 0.18334
2502 0.178295
2503 0.168337
2504 0.172819
2505 0.171089
2506 0.177019
FPS 7
2507 0.179459
2508 0.194797
2509 0.200531
2510 0.191575
2511 0.173746
2512 0.170528
2513 0.169995
FPS 7
2514 0.190237
2515 0.172595
2516 0.174284
2517 0.177048
2518 0.178729
2519 0.177297
2520 0.168629
FPS 7
2521 0.179812
2522 0.187752
2523 0.171043
2524 0.170371
2525 0.170199
2526 0.172061
2527 0.17485
FPS 7
2528 0.186379
2529 0.176194
2530 0.178645
2531 0.171496
2532 0.202194
2533 0.17348
2534 0.180368
FPS 7
2535 0.180262
2536 0.18733
2537 0.171226
2538 0.169076
2539 0.173705
2540 0.171532
2541 0.180635
FPS 7
2542 0.193463
2543 0.173777
2544 0.182484
2545 0.175375
2546 0.183196
2547 0.177833
2548 0.172056
FPS 7
2549 0.187952
2550 0.196336
2551 0.173929
2552 0.175573
2553 0.184023
2554 0.180995
2555 0.170854
FPS 7
2556 0.189727
2557 0.181115
2558 0.177383
2559 0.171258
2560 0.174893
2561 0.178582
2562 0.17399
FPS 7
2563 0.185419
2564 0.192395
2565 0.17363
2566 0.176362
2567 0.191421
2568 0.17659
2569 0.180407
FPS 7
2570 0.180756
2571 0.185306
2572 0.178846
2573 0.176529
2574 0.176929
2575 0.178886
2576 0.17829
FPS 7
2577 0.183539
2578 0.17697
2579 0.174485
2580 0.188982
2581 0.190298
2582 0.18999
2583 0.173645
FPS 7
2584 0.188096
2585 0.173676
2586 0.179148
2587 0.177573
2588 0.195831
2589 0.175564
2590 0.173886
FPS 7
2591 0.183837
2592 0.203999
2593 0.186479
2594 0.18057
2595 0.179864
2596 0.175222
2597 0.173644
FPS 7
2598 0.17455
2599 0.174366
2600 0.181684
2601 0.176965
2602 0.178781
2603 0.199544
2604 0.175282
FPS 7
2605 0.189317
2606 0.178964
2607 0.176267
2608 0.176331
2609 0.191251
2610 0.18189
2611 0.175329
FPS 7
2612 0.183927
2613 0.175545
2614 0.183928
2615 0.175385
2616 0.18558
2617 0.182242
2618 0.175057
FPS 7
2619 0.19089
2620 0.175416
2621 0.178046
2622 0.193274
2623 0.182314
2624 0.183035
2625 0.184737
FPS 7
2626 0.176944
2627 0.181518
2628 0.177874
2629 0.186593
2630 0.182714
2631 0.178099
2632 0.181896
FPS 7
2633 0.184093
2634 0.18043
2635 0.17862
2636 0.182865
2637 0.176584
2638 0.19919
2639 0.192013
FPS 7
2640 0.177104
2641 0.18181
2642 0.183527
2643 0.186658
2644 0.186335
2645 0.18222
2646 0.195846
FPS 7
2647 0.205833
2648 0.183184
2649 0.192894
2650 0.181096
2651 0.18914
2652 0.195946
2653 0.181813
FPS 7
2654 0.179501
2655 0.181469
2656 0.189008
2657 0.178094
2658 0.191399
2659 0.18831
2660 0.18867
FPS 7
2661 0.180898
2662 0.181628
2663 0.188669
2664 0.183335
2665 0.178461
2666 0.1931
2667 0.182609
FPS 7
2668 0.184297
2669 0.187656
2670 0.185023
2671 0.180311
2672 0.201935
2673 0.194844
2674 0.180886
FPS 7
2675 0.179043
2676 0.187055
2677 0.181417
2678 0.17927
2679 0.199411
2680 0.180843
2681 0.219578
FPS 7
2682 0.18182
2683 0.184848
2684 0.183691
2685 0.191184
2686 0.201678
2687 0.181739
2688 0.184568
FPS 7
2689 0.194255
2690 0.180607
2691 0.191627
2692 0.193034
2693 0.184112
2694 0.188333
2695 0.182989
FPS 7
2696 0.189744
2697 0.181797
2698 0.199381
2699 0.191643
2700 0.189113
2701 0.188686
2702 0.186149
FPS 7
2703 0.186027
2704 0.187731
2705 0.201267
2706 0.19168
2707 0.185626
2708 0.183692
2709 0.182999
FPS 7
2710 0.183072
2711 0.18675
2712 0.20449
2713 0.181241
2714 0.191001
2715 0.187962
2716 0.183216
FPS 7
2717 0.18628
2718 0.201806
2719 0.229381
2720 0.187359
2721 0.188169
2722 0.192562
2723 0.183048
FPS 7
2724 0.193563
2725 0.213109
2726 0.224866
2727 0.187088
2728 0.191519
2729 0.193167
FPS 6
2730 0.200699
2731 0.186523
2732 0.199601
2733 0.184458
2734 0.193415
2735 0.191708
2736 0.184773
FPS 7
2737 0.19775
2738 0.19953
2739 0.183872
2740 0.185829
2741 0.185514
2742 0.197304
2743 0.192975
FPS 7
2744 0.189031
2745 0.190196
2746 0.194618
2747 0.188595
2748 0.184147
2749 0.186648
2750 0.184163
FPS 7
2751 0.196176
2752 0.189839
2753 0.192339
2754 0.197079
2755 0.188805
2756 0.188612
2757 0.200207
FPS 7
2758 0.19099
2759 0.184793
2760 0.193599
2761 0.190121
2762 0.185813
2763 0.199243
2764 0.202917
FPS 7
2765 0.186609
2766 0.186102
2767 0.192053
2768 0.188103
2769 0.195295
2770 0.202932
2771 0.194226
FPS 7
2772 0.201845
2773 0.194045
2774 0.192991
2775 0.193358
2776 0.195218
2777 0.212791
2778 0.220148
FPS 7
2779 0.190089
2780 0.194563
2781 0.193216
2782 0.200283
2783 0.195048
2784 0.188252
2785 0.201821
FPS 7
2786 0.189911
2787 0.191809
2788 0.195709
2789 0.216698
2790 0.187526
2791 0.207019
2792 0.196506
FPS 7
2793 0.18826
2794 0.201109
2795 0.193298
2796 0.191213
2797 0.199332
2798 0.188072
2799 0.193107
FPS 7
2800 0.189151
2801 0.199554
2802 0.205067
2803 0.192396
2804 0.198322
2805 0.205983
2806 0.188566
FPS 7
2807 0.193527
2808 0.201525
2809 0.197102
2810 0.20387
2811 0.203551
2812 0.20159
2813 0.19257
FPS 7
2814 0.191175
2815 0.207735
2816 0.189863
2817 0.192847
2818 0.190261
2819 0.216739
2820 0.202492
FPS 7
2821 0.203365
2822 0.208011
2823 0.197046
2824 0.191983
2825 0.194825
2826 0.195829
2827 0.210869
FPS 7
2828 0.194832
2829 0.189221
2830 0.19119
2831 0.200644
2832 0.199043
2833 0.190807
2834 0.196204
FPS 7
2835 0.195686
2836 0.196664
2837 0.19451
2838 0.202307
2839 0.205044
2840 0.197353
2841 0.20155
FPS 7
2842 0.199276
2843 0.199699
2844 0.213718
2845 0.198811
2846 0.193948
2847 0.212999
FPS 6
2848 0.198641
2849 0.193056
2850 0.192891
2851 0.197043
2852 0.201543
2853 0.203394
2854 0.193407
FPS 7
2855 0.196355
2856 0.206869
2857 0.197211
2858 0.190661
2859 0.215681
2860 0.200628
FPS 6
2861 0.193321
2862 0.197084
2863 0.213214
2864 0.195367
2865 0.204987
2866 0.196705
FPS 6
2867 0.192911
2868 0.192246
2869 0.203828
2870 0.192328
2871 0.213016
2872 0.202324
2873 0.196149
FPS 7
2874 0.205637
2875 0.192914
2876 0.193279
2877 0.209451
2878 0.196089
2879 0.196034
2880 0.200658
FPS 7
2881 0.195057
2882 0.198346
2883 0.201465
2884 0.209577
2885 0.203567
2886 0.193426
FPS 6
2887 0.201145
2888 0.193354
2889 0.215913
2890 0.201311
2891 0.198185
2892 0.200066
FPS 6
2893 0.199133
2894 0.204065
2895 0.197759
2896 0.215721
2897 0.2296
2898 0.202056
FPS 6
2899 0.196819
2900 0.206895
2901 0.212748
2902 0.194379
2903 0.197405
2904 0.200973
FPS 6
2905 0.199298
2906 0.212036
2907 0.222405
2908 0.196101
2909 0.203944
2910 0.202834
FPS 6
2911 0.201251
2912 0.203724
2913 0.208407
2914 0.194002
2915 0.199653
2916 0.196591
FPS 6
2917 0.199016
2918 0.200669
2919 0.202897
2920 0.202976
2921 0.205648
2922 0.195969
FPS 6
2923 0.201121
2924 0.20676
2925 0.214679
2926 0.19646
2927 0.205751
2928 0.195582
FPS 6
2929 0.196605
2930 0.195668
2931 0.210073
2932 0.211079
2933 0.201618
2934 0.201727
FPS 6
2935 0.197106
2936 0.196356
2937 0.21282
2938 0.206848
2939 0.195621
2940 0.198428
FPS 6
2941 0.202279
2942 0.20434
2943 0.202673
2944 0.216026
2945 0.201866
2946 0.205374
FPS 6
2947 0.197777
2948 0.197436
2949 0.224323
2950 0.206737
2951 0.202627
2952 0.198022
FPS 6
2953 0.198367
2954 0.206055
2955 0.23016
2956 0.19891
2957 0.210619
2958 0.197359
FPS 6
2959 0.199436
2960 0.197681
2961 0.216664
2962 0.202556
2963 0.202283
2964 0.205533
FPS 6
2965 0.204324
2966 0.21516
2967 0.219064
2968 0.239773
2969 0.203307
2970 0.210393
FPS 6
2971 0.203498
2972 0.219324
2973 0.208622
2974 0.206729
2975 0.200604
2976 0.205267
FPS 6
2977 0.204533
2978 0.213497
2979 0.21031
2980 0.205007
2981 0.206235
2982 0.214471
FPS 6
2983 0.212388
2984 0.210351
2985 0.220072
2986 0.207438
2987 0.208588
2988 0.200079
FPS 6
2989 0.213073
2990 0.221097
2991 0.202964
2992 0.200229
2993 0.210197
2994 0.237967
FPS 6
2995 0.20991
2996 0.205442
2997 0.201257
2998 0.208727
2999 0.204995
3000 0.206202
FPS 6
3001 0.209188
3002 0.202369
3003 0.21431
3004 0.20501
3005 0.210764
3006 0.214588
FPS 6
3007 0.202962
3008 0.200921
3009 0.225433
3010 0.205218
3011 0.206923
3012 0.212276
FPS 6
3013 0.201633
3014 0.205509
3015 0.219623
3016 0.205459
3017 0.208391
3018 0.20988
FPS 6
3019 0.20663
3020 0.206339
3021 0.223332
3022 0.201762
3023 0.206094
3024 0.214163
FPS 6
3025 0.203567
3026 0.207811
3027 0.213493
3028 0.208489
3029 0.211239
3030 0.226599
FPS 6
3031 0.207251
3032 0.207847
3033 0.204318
3034 0.214254
3035 0.20487
3036 0.213498
FPS 6
3037 0.20402
3038 0.211379
3039 0.208894
3040 0.202481
3041 0.214562
3042 0.203642
FPS 6
3043 0.209351
3044 0.212824
3045 0.218378
3046 0.209623
3047 0.21336
3048 0.217242
FPS 6
3049 0.209042
3050 0.217019
3051 0.220372
3052 0.205719
3053 0.205188
3054 0.210168
FPS 6
3055 0.209193
3056 0.229186
3057 0.209858
3058 0.204272
3059 0.216567
3060 0.221559
FPS 6
3061 0.229498
3062 0.209485
3063 0.212183
3064 0.204725
3065 0.222401
3066 0.216509
FPS 6
3067 0.226019
3068 0.229705
3069 0.217488
3070 0.210036
3071 0.220171
3072 0.221784
FPS 6
3073 0.207648
3074 0.212423
3075 0.21087
3076 0.217528
3077 0.210925
3078 0.212296
FPS 6
3079 0.211363
3080 0.213646
3081 0.212544
3082 0.206997
3083 0.218503
3084 0.22637
FPS 6
3085 0.211799
3086 0.212456
3087 0.216218
3088 0.206659
3089 0.227467
3090 0.228785
FPS 6
3091 0.209409
3092 0.21043
3093 0.212524
3094 0.21433
3095 0.228895
3096 0.206439
FPS 6
3097 0.208605
3098 0.21446
3099 0.218179
3100 0.211265
3101 0.233307
3102 0.207316
FPS 6
3103 0.217849
3104 0.21546
3105 0.216144
3106 0.224019
3107 0.215706
3108 0.209827
FPS 6
3109 0.218242
3110 0.211743
3111 0.218565
3112 0.24018
3113 0.242359
3114 0.208459
FPS 6
3115 0.212601
3116 0.233483
3117 0.215565
3118 0.218047
3119 0.215784
3120 0.219007
FPS 6
3121 0.210007
3122 0.216692
3123 0.211692
3124 0.214783
3125 0.230088
3126 0.211055
FPS 6
3127 0.215994
3128 0.209969
3129 0.218939
3130 0.237854
3131 0.214626
3132 0.214108
FPS 6
3133 0.211752
3134 0.215798
3135 0.232614
3136 0.216914
3137 0.21732
3138 0.219027
FPS 6
3139 0.215213
3140 0.236676
3141 0.222148
3142 0.21869
3143 0.223693
3144 0.21533
FPS 6
3145 0.230519
3146 0.221466
3147 0.223414
3148 0.215016
3149 0.220202
3150 0.210391
FPS 6
3151 0.217258
3152 0.222541
3153 0.218365
3154 0.210804
3155 0.231432
3156 0.229353
FPS 6
3157 0.219274
3158 0.228816
3159 0.232805
3160 0.211382
3161 0.21438
3162 0.219129
FPS 6
3163 0.213288
3164 0.225504
3165 0.226071
3166 0.213631
3167 0.219974
3168 0.218636
FPS 6
3169 0.256306
3170 0.230796
3171 0.216033
3172 0.220341
3173 0.218851
3174 0.223838
FPS 6
3175 0.222412
3176 0.231841
3177 0.21899
3178 0.21177
3179 0.2401
3180 0.218875
FPS 6
3181 0.232916
3182 0.21385
3183 0.223283
3184 0.227698
3185 0.220839
3186 0.217548
FPS 6
3187 0.214155
3188 0.220558
3189 0.216526
3190 0.227517
3191 0.218815
3192 0.217131
FPS 6
3193 0.214783
3194 0.213202
3195 0.230426
3196 0.21687
3197 0.2149
3198 0.216753
FPS 6
