0 0
1 0.02
2 0.01
3 0.01
4 0
5 0.01
6 0.01
7 0.01
8 0
9 0.02
10 0.01
11 0
12 0.01
13 0.02
14 0
15 0.01
16 0.01
17 0.01
18 0.01
19 0.01
20 0
21 0.01
22 0.01
23 0.01
24 0.01
25 0.01
26 0
27 0.01
28 0.02
29 0.01
30 0
31 0.01
32 0.01
33 0
34 0.01
35 0.01
36 0.01
37 0.02
38 0
39 0.01
40 0.01
41 0.01
42 0
43 0.01
44 0.01
45 0.01
46 0.01
47 0.01
48 0.01
49 0.01
50 0.01
51 0
52 0.01
53 0.01
54 0.01
55 0
56 0.01
57 0.01
58 0.01
59 0.01
60 0.02
61 0
62 0.01
63 0.01
64 0
65 0.01
66 0.01
67 0.01
68 0.01
69 0.01
70 0.01
71 0
72 0.01
73 0.02
74 0.01
75 0
76 0.01
77 0.01
78 0.01
79 0.01
80 0.01
81 0
82 0.01
83 0.01
84 0.01
85 0.01
86 0.01
87 0.01
88 0
89 0.01
90 0.02
91 0.01
92 0
93 0.01
94 0.01
95 0
96 0.01
97 0.01
98 0.02
99 0
100 0.01
101 0.01
102 0.01
103 0
104 0.02
105 0.01
106 0
107 0.01
108 0.01
109 0.01
110 0.01
111 0.01
112 0
113 0.01
114 0.02
115 0
FPS 116
116 0.01
117 0.01
118 0.01
119 0.01
120 0.01
121 0.01
122 0
123 0.02
124 0.01
125 0
126 0.02
127 0
128 0.01
129 0.01
130 0.01
131 0.01
132 0.01
133 0
134 0.02
135 0
136 0.01
137 0.01
138 0.01
139 0.01
140 0.01
141 0.01
142 0.01
143 0
144 0.01
145 0.01
146 0.01
147 0.01
148 0.01
149 0.01
150 0.01
151 0.01
152 0
153 0.01
154 0.01
155 0.01
156 0.01
157 0.01
158 0
159 0.02
160 0.01
161 0
162 0.01
163 0.01
164 0.01
165 0.01
166 0.01
167 0.01
168 0
169 0.02
170 0
171 0.01
172 0.01
173 0.01
174 0.01
175 0.01
176 0
177 0.01
178 0.02
179 0.01
180 0
181 0.01
182 0.01
183 0.01
184 0.01
185 0
186 0.02
187 0.01
188 0
189 0.01
190 0.01
191 0.01
192 0.01
193 0.01
194 0.01
195 0
196 0.01
197 0.02
198 0
199 0.01
200 0.01
201 0.01
202 0.01
203 0
204 0.01
205 0.01
206 0.02
207 0
208 0.01
209 0
210 0.02
211 0
212 0.02
213 0
214 0.01
215 0.01
216 0.01
217 0.01
218 0.01
219 0
220 0.02
221 0.01
222 0
223 0.01
224 0.01
225 0.01
226 0.01
227 0.01
228 0.01
229 0.01
FPS 114
230 0.01
231 0
232 0.02
233 0.01
234 0.01
235 0
236 0.01
237 0.01
238 0.01
239 0.01
240 0.01
241 0
242 0.02
243 0.01
244 0.01
245 0
246 0.02
247 0.01
248 0
249 0.01
250 0.01
251 0.01
252 0.01
253 0.01
254 0.01
255 0
256 0.01
257 0.01
258 0.01
259 0.01
260 0.01
261 0.01
262 0
263 0.01
264 0.02
265 0
266 0.01
267 0.01
268 0.01
269 0.01
270 0.01
271 0.01
272 0
273 0.02
274 0.01
275 0
276 0.01
277 0.01
278 0.01
279 0.01
280 0.01
281 0.01
282 0
283 0.01
284 0.01
285 0.02
286 0.01
287 0
288 0.01
289 0.01
290 0
291 0.02
292 0.01
293 0
294 0.01
295 0.01
296 0.01
297 0.01
298 0.01
299 0.01
300 0.01
301 0
302 0.01
303 0.01
304 0.02
305 0
306 0.01
307 0
308 0.02
309 0.01
310 0
311 0.01
312 0.02
313 0.01
314 0
315 0.01
316 0.01
317 0.01
318 0.01
319 0.01
320 0
321 0.01
322 0.01
323 0.02
324 0.01
325 0
326 0.01
327 0.01
328 0.01
329 0.01
330 0.01
331 0
332 0.01
333 0.01
334 0.01
335 0.01
336 0.01
337 0.01
338 0.01
339 0.01
340 0
341 0.01
342 0.01
FPS 113
343 0
344 0.02
345 0.01
346 0
347 0.01
348 0.01
349 0.02
350 0
351 0.01
352 0
353 0.02
354 0.01
355 0.01
356 0
357 0.01
358 0.01
359 0.01
360 0.01
361 0.01
362 0.01
363 0.01
364 0.01
365 0
366 0.01
367 0.02
368 0.01
369 0
370 0.01
371 0.01
372 0.01
373 0.01
374 0.01
375 0
376 0.02
377 0
378 0.01
379 0.02
380 0
381 0.01
382 0.01
383 0.01
384 0.01
385 0.01
386 0.01
387 0.01
388 0
389 0.01
390 0.02
391 0
392 0.01
393 0.01
394 0.01
395 0.01
396 0.01
397 0
398 0.01
399 0.02
400 0
401 0.01
402 0.01
403 0.01
404 0.01
405 0.01
406 0.01
407 0.01
408 0.01
409 0.01
410 0
411 0.01
412 0.01
413 0.01
414 0.01
415 0.01
416 0.01
417 0
418 0.02
419 0.01
420 0
421 0.01
422 0.01
423 0.02
424 0
425 0.01
426 0.01
427 0.01
428 0.01
429 0
430 0.01
431 0.02
432 0.01
433 0
434 0.01
435 0.01
436 0.01
437 0.01
438 0.01
439 0.01
440 0
441 0.01
442 0.02
443 0.01
444 0
445 0.01
446 0.01
447 0.01
448 0.01
449 0.01
450 0.01
451 0
452 0.02
453 0.01
454 0.01
FPS 112
455 0
456 0.01
457 0.01
458 0.01
459 0.01
460 0.01
461 0
462 0.01
463 0.02
464 0.01
465 0
466 0.01
467 0.01
468 0.01
469 0.01
470 0
471 0.02
472 0.01
473 0
474 0.02
475 0.01
476 0.01
477 0
478 0.01
479 0.02
480 0
481 0.01
482 0.01
483 0.01
484 0
485 0.02
486 0.01
487 0.01
488 0
489 0.01
490 0.01
491 0.02
492 0
493 0.01
494 0.01
495 0
496 0.02
497 0.01
498 0.01
499 0
500 0.02
501 0.01
502 0
503 0.01
504 0.02
505 0
506 0.01
507 0.01
508 0.01
509 0.01
510 0.01
511 0.01
512 0
513 0.02
514 0.01
515 0
516 0.02
517 0.01
518 0
519 0.01
520 0.01
521 0.01
522 0.01
523 0.01
524 0.01
525 0.01
526 0.01
527 0
528 0.02
529 0
530 0.01
531 0.02
532 0
533 0.01
534 0.02
535 0
536 0.01
537 0.01
538 0
539 0.02
540 0.01
541 0
542 0.02
543 0
544 0.01
545 0.01
546 0.02
547 0
548 0.01
549 0.01
550 0.01
551 0.01
552 0.01
553 0.01
554 0.01
555 0
556 0.01
557 0.02
558 0
559 0.01
560 0.01
561 0.01
562 0.01
563 0.02
564 0.01
FPS 110
565 0
566 0.02
567 0.01
568 0
569 0.01
570 0.02
571 0
572 0.01
573 0.01
574 0.01
575 0.01
576 0.01
577 0
578 0.02
579 0.01
580 0.01
581 0.01
582 0
583 0.02
584 0.01
585 0
586 0.01
587 0.01
588 0.01
589 0.01
590 0.01
591 0.01
592 0.01
593 0.01
594 0.01
595 0.01
596 0
597 0.01
598 0.02
599 0
600 0.01
601 0.02
602 0.01
603 0
604 0.01
605 0.01
606 0.01
607 0.01
608 0.01
609 0
610 0.01
611 0.01
612 0.02
613 0
614 0.01
615 0.01
616 0.02
617 0
618 0.01
619 0.01
620 0.01
621 0.01
622 0.01
623 0.01
624 0.01
625 0
626 0.01
627 0.02
628 0.01
629 0
630 0.01
631 0.01
632 0.01
633 0.02
634 0
635 0.01
636 0.01
637 0.01
638 0.01
639 0.01
640 0.01
641 0.01
642 0.01
643 0.01
644 0.01
645 0
646 0.01
647 0.01
648 0.01
649 0.02
650 0
651 0.01
652 0.02
653 0
654 0.01
655 0.01
656 0.01
657 0.01
658 0
659 0.01
660 0.02
661 0
662 0.01
663 0.02
664 0.01
665 0
666 0.02
667 0.01
668 0
669 0.01
670 0.02
671 0
672 0.02
673 0
FPS 109
674 0
675 0.02
676 0.01
677 0
678 0.02
679 0
680 0.01
681 0.02
682 0.01
683 0.01
684 0
685 0.01
686 0.02
687 0
688 0.01
689 0.01
690 0.01
691 0.01
692 0.01
693 0
694 0.02
695 0.01
696 0.01
697 0.01
698 0.01
699 0
700 0.01
701 0.02
702 0
703 0.01
704 0.02
705 0
706 0.01
707 0.02
708 0
709 0.01
710 0.01
711 0.01
712 0.01
713 0.01
714 0.01
715 0.01
716 0.01
717 0.01
718 0
719 0.01
720 0.01
721 0.02
722 0
723 0.02
724 0
725 0.01
726 0.01
727 0.02
728 0
729 0.01
730 0.01
731 0.01
732 0.01
733 0.01
734 0.01
735 0.01
736 0.01
737 0.01
738 0
739 0.02
740 0.01
741 0
742 0.01
743 0.01
744 0.02
745 0
746 0.01
747 0.02
748 0
749 0.01
750 0.02
751 0
752 0.01
753 0.01
754 0.01
755 0.01
756 0.01
757 0.01
758 0.01
759 0.01
760 0.01
761 0
762 0.02
763 0.01
764 0
765 0.01
766 0.01
767 0.02
768 0
769 0.01
770 0.02
771 0
772 0.01
773 0.01
774 0.01
775 0
776 0.01
777 0.01
778 0.02
779 0
FPS 106
780 0.02
781 0.01
782 0.01
783 0
784 0.01
785 0.02
786 0.01
787 0
788 0.01
789 0.02
790 0
791 0.01
792 0.01
793 0.01
794 0.02
795 0
796 0.01
797 0.01
798 0.01
799 0.01
800 0.01
801 0.01
802 0
803 0.01
804 0.02
805 0.01
806 0.01
807 0
808 0.01
809 0.02
810 0.01
811 0
812 0.02
813 0
814 0.01
815 0.01
816 0.01
817 0.02
818 0
819 0.01
820 0.01
821 0.01
822 0.01
823 0.01
824 0.01
825 0.01
826 0.01
827 0.01
828 0.01
829 0.01
830 0.01
831 0.01
832 0
833 0.02
834 0.01
835 0.01
836 0
837 0.01
838 0.02
839 0.01
840 0
841 0.01
842 0.02
843 0
844 0.01
845 0.01
846 0.01
847 0.01
848 0.01
849 0.01
850 0.01
851 0.01
852 0.01
853 0.01
854 0
855 0.02
856 0.01
857 0.01
858 0.01
859 0
860 0.01
861 0.02
862 0.01
863 0
864 0.01
865 0.01
866 0.01
867 0.02
868 0
869 0.01
870 0.01
871 0.01
872 0.01
873 0.01
874 0.01
875 0
876 0.02
877 0.01
878 0.02
879 0
880 0.01
881 0.01
882 0.01
883 0.01
884 0.01
FPS 105
885 0.01
886 0
887 0.01
888 0.02
889 0.01
890 0
891 0.01
892 0.01
893 0.02
894 0.01
895 0.01
896 0
897 0.01
898 0.01
899 0.01
900 0.02
901 0.01
902 0
903 0.01
904 0.02
905 0
906 0.01
907 0.01
908 0.01
909 0.01
910 0.02
911 0
912 0.01
913 0.01
914 0.01
915 0.01
916 0.01
917 0.01
918 0.01
919 0.01
920 0.01
921 0
922 0.02
923 0.01
924 0.01
925 0.01
926 0.01
927 0.01
928 0.01
929 0
930 0.02
931 0.01
932 0.01
933 0
934 0.02
935 0.01
936 0.01
937 0.01
938 0
939 0.02
940 0.01
941 0.01
942 0
943 0.02
944 0.01
945 0.01
946 0
947 0.01
948 0.01
949 0.01
950 0.02
951 0
952 0.01
953 0.01
954 0.01
955 0.01
956 0.01
957 0.01
958 0.01
959 0.01
960 0.01
961 0.01
962 0.01
963 0.01
964 0.01
965 0.01
966 0.01
967 0.01
968 0
969 0.01
970 0.02
971 0.01
972 0
973 0.02
974 0.01
975 0.01
976 0
977 0.01
978 0.02
979 0.01
980 0.01
981 0.01
982 0.01
983 0.01
984 0.01
985 0.01
986 0.01
987 0.01
988 0.01
FPS 104
989 0.01
990 0.01
991 0.01
992 0.01
993 0.01
994 0
995 0.02
996 0.01
997 0
998 0.02
999 0.01
1000 0
1001 0.02
1002 0.01
1003 0.01
1004 0
1005 0.02
1006 0.01
1007 0
1008 0.02
1009 0
1010 0.02
1011 0.01
1012 0
1013 0.01
1014 0.02
1015 0
1016 0.02
1017 0
1018 0.01
1019 0.01
1020 0.01
1021 0.01
1022 0.01
1023 0.01
1024 0.01
1025 0.01
1026 0.01
1027 0.01
1028 0.01
1029 0.01
1030 0.01
1031 0.01
1032 0.01
1033 0.01
1034 0.01
1035 0.01
1036 0.01
1037 0.01
1038 0.01
1039 0.01
1040 0.01
1041 0.01
1042 0.01
1043 0.01
1044 0.01
1045 0.01
1046 0.01
1047 0.01
1048 0.01
1049 0.01
1050 0.01
1051 0.01
1052 0.01
1053 0.01
1054 0.01
1055 0.01
1056 0.01
1057 0.01
1058 0.01
1059 0
1060 0.02
1061 0.01
1062 0.01
1063 0.01
1064 0.01
1065 0.01
1066 0.01
1067 0.01
1068 0.01
1069 0.01
1070 0.01
1071 0.01
1072 0.01
1073 0.01
1074 0.01
1075 0
1076 0.02
1077 0
1078 0.02
1079 0
1080 0.02
1081 0.01
1082 0.01
1083 0.02
1084 0
1085 0.01
1086 0.01
1087 0.02
1088 0.01
1089 0.01
1090 0
FPS 102
1091 0.01
1092 0.01
1093 0.01
1094 0.01
1095 0.02
1096 0
1097 0.01
1098 0.01
1099 0.01
1100 0.01
1101 0.02
1102 0.01
1103 0.01
1104 0
1105 0.01
1106 0.01
1107 0.02
1108 0.01
1109 0
1110 0.02
1111 0.01
1112 0.01
1113 0
1114 0.02
1115 0.01
1116 0.01
1117 0
1118 0.02
1119 0.01
1120 0.01
1121 0.01
1122 0.01
1123 0.01
1124 0.01
1125 0.01
1126 0.01
1127 0.01
1128 0.01
1129 0.01
1130 0.01
1131 0.01
1132 0.01
1133 0.01
1134 0.01
1135 0.02
1136 0
1137 0.01
1138 0.01
1139 0.01
1140 0.01
1141 0.02
1142 0.01
1143 0.01
1144 0
1145 0.01
1146 0.02
1147 0.01
1148 0
1149 0.01
1150 0.01
1151 0.02
1152 0.01
1153 0
1154 0.01
1155 0.02
1156 0.01
1157 0
1158 0.01
1159 0.01
1160 0.02
1161 0.01
1162 0.01
1163 0.01
1164 0.01
1165 0.01
1166 0.01
1167 0.01
1168 0.01
1169 0.01
1170 0
1171 0.01
1172 0.02
1173 0.01
1174 0.01
1175 0.01
1176 0
1177 0.02
1178 0.01
1179 0.01
1180 0.01
1181 0.02
1182 0.01
1183 0.01
1184 0
1185 0.02
1186 0.01
1187 0.01
1188 0.01
1189 0.01
FPS 99
1190 0.01
1191 0.01
1192 0.02
1193 0.01
1194 0.01
1195 0
1196 0.01
1197 0.02
1198 0
1199 0.01
1200 0.02
1201 0.01
1202 0
1203 0.02
1204 0.01
1205 0.01
1206 0.02
1207 0.01
1208 0
1209 0.01
1210 0.01
1211 0.02
1212 0.01
1213 0
1214 0.02
1215 0.01
1216 0
1217 0.02
1218 0.01
1219 0
1220 0.02
1221 0.01
1222 0.01
1223 0.01
1224 0.01
1225 0.01
1226 0.01
1227 0.02
1228 0
1229 0.01
1230 0.02
1231 0.01
1232 0.01
1233 0
1234 0.02
1235 0.01
1236 0.01
1237 0.01
1238 0.01
1239 0.01
1240 0.01
1241 0.02
1242 0
1243 0.01
1244 0.01
1245 0.02
1246 0.01
1247 0
1248 0.01
1249 0.02
1250 0.01
1251 0.01
1252 0.01
1253 0.01
1254 0.01
1255 0.01
1256 0.01
1257 0.01
1258 0.01
1259 0.01
1260 0.02
1261 0
1262 0.01
1263 0.02
1264 0.01
1265 0.01
1266 0.01
1267 0
1268 0.02
1269 0.01
1270 0.01
1271 0.01
1272 0.01
1273 0.02
1274 0.01
1275 0.01
1276 0.01
1277 0.01
1278 0.01
1279 0.01
1280 0.01
1281 0.01
1282 0.01
1283 0.01
1284 0.01
1285 0.01
FPS 96
1286 0.01
1287 0.01
1288 0
1289 0.01
1290 0.01
1291 0.02
1292 0.01
1293 0.01
1294 0
1295 0.02
1296 0.01
1297 0.01
1298 0.01
1299 0.01
1300 0.01
1301 0.01
1302 0.01
1303 0.01
1304 0.02
1305 0
1306 0.02
1307 0
1308 0.02
1309 0.01
1310 0.01
1311 0.01
1312 0.01
1313 0.01
1314 0.01
1315 0.01
1316 0.01
1317 0.01
1318 0.01
1319 0.01
1320 0.02
1321 0
1322 0.02
1323 0.01
1324 0.01
1325 0.01
1326 0.01
1327 0.01
1328 0.02
1329 0
1330 0.02
1331 0
1332 0.01
1333 0.01
1334 0.02
1335 0.01
1336 0
1337 0.02
1338 0.01
1339 0.01
1340 0.01
1341 0.01
1342 0.01
1343 0.01
1344 0.02
1345 0.01
1346 0.01
1347 0
1348 0.01
1349 0.02
1350 0.01
1351 0.01
1352 0.01
1353 0.01
1354 0.01
1355 0.01
1356 0.01
1357 0.01
1358 0.01
1359 0.01
1360 0.02
1361 0
1362 0.02
1363 0
1364 0.01
1365 0.02
1366 0.01
1367 0.02
1368 0
1369 0.01
1370 0.02
1371 0.01
1372 0.01
1373 0.01
1374 0.02
1375 0.01
1376 0.01
1377 0
1378 0.01
1379 0.02
1380 0.01
FPS 95
1381 0.01
1382 0.01
1383 0.01
1384 0.01
1385 0.01
1386 0.02
1387 0.01
1388 0
1389 0.02
1390 0.01
1391 0.02
1392 0
1393 0.02
1394 0
1395 0.01
1396 0.01
1397 0.02
1398 0.01
1399 0.01
1400 0.01
1401 0.01
1402 0.01
1403 0.02
1404 0.01
1405 0
1406 0.01
1407 0.01
1408 0.02
1409 0.01
1410 0.01
1411 0.01
1412 0.01
1413 0.01
1414 0.02
1415 0.01
1416 0.01
1417 0
1418 0.02
1419 0.01
1420 0.02
1421 0
1422 0.01
1423 0.01
1424 0.01
1425 0.02
1426 0.01
1427 0.01
1428 0.01
1429 0.01
1430 0.01
1431 0.02
1432 0
1433 0.02
1434 0.01
1435 0.01
1436 0
1437 0.02
1438 0.01
1439 0.01
1440 0.01
1441 0.02
1442 0.01
1443 0.01
1444 0.01
1445 0.01
1446 0.01
1447 0.01
1448 0.01
1449 0.01
1450 0.01
1451 0.02
1452 0.01
1453 0
1454 0.01
1455 0.01
1456 0.02
1457 0.02
1458 0
1459 0.02
1460 0.01
1461 0.01
1462 0.01
1463 0.01
1464 0.01
1465 0.01
1466 0.02
1467 0.01
1468 0
1469 0.02
1470 0.01
1471 0.01
1472 0.01
FPS 92
1473 0.01
1474 0.02
1475 0.01
1476 0.01
1477 0.01
1478 0.01
1479 0.01
1480 0.01
1481 0.02
1482 0.01
1483 0.01
1484 0
1485 0.02
1486 0
1487 0.02
1488 0.02
1489 0
1490 0.01
1491 0.02
1492 0.01
1493 0.01
1494 0.01
1495 0.01
1496 0.02
1497 0
1498 0.02
1499 0.01
1500 0
1501 0.01
1502 0.02
1503 0
1504 0.02
1505 0.01
1506 0.01
1507 0.02
1508 0
1509 0.02
1510 0.01
1511 0.01
1512 0.01
1513 0.01
1514 0.01
1515 0.02
1516 0
1517 0.01
1518 0.02
1519 0
1520 0.02
1521 0.01
1522 0.01
1523 0.02
1524 0
1525 0.01
1526 0.01
1527 0.02
1528 0
1529 0.01
1530 0.02
1531 0.01
1532 0.02
1533 0
1534 0.01
1535 0.02
1536 0
1537 0.02
1538 0
1539 0.02
1540 0.01
1541 0.02
1542 0
1543 0.01
1544 0.02
1545 0
1546 0.02
1547 0.02
1548 0.01
1549 0.01
1550 0
1551 0.02
1552 0.01
1553 0.01
1554 0.01
1555 0.01
1556 0.02
1557 0.01
1558 0
1559 0.02
1560 0.01
1561 0.01
1562 0.01
1563 0.01
FPS 91
1564 0.02
1565 0.01
1566 0.01
1567 0.01
1568 0.01
1569 0.01
1570 0.02
1571 0.01
1572 0.01
1573 0.01
1574 0.01
1575 0.01
1576 0.01
1577 0.02
1578 0.01
1579 0
1580 0.01
1581 0.02
1582 0.01
1583 0.01
1584 0.01
1585 0.01
1586 0.02
1587 0.01
1588 0
1589 0.02
1590 0.01
1591 0.01
1592 0.01
1593 0.01
1594 0.01
1595 0.01
1596 0.02
1597 0
1598 0.02
1599 0.01
1600 0.01
1601 0.01
1602 0.01
1603 0.01
1604 0.01
1605 0.02
1606 0.01
1607 0.01
1608 0.01
1609 0.02
1610 0
1611 0.01
1612 0.01
1613 0.02
1614 0.01
1615 0.01
1616 0.01
1617 0.01
1618 0.02
1619 0.01
1620 0
1621 0.02
1622 0
1623 0.02
1624 0.01
1625 0.02
1626 0.01
1627 0
1628 0.02
1629 0
1630 0.01
1631 0.02
1632 0.01
1633 0.01
1634 0.01
1635 0.01
1636 0.01
1637 0.01
1638 0.01
1639 0.02
1640 0.01
1641 0.01
1642 0.01
1643 0.01
1644 0.02
1645 0.01
1646 0.01
1647 0.01
1648 0.01
1649 0.02
1650 0.01
1651 0
1652 0.02
1653 0.01
FPS 90
1654 0.02
1655 0
1656 0.02
1657 0.01
1658 0.01
1659 0.01
1660 0.02
1661 0
1662 0.02
1663 0.01
1664 0.01
1665 0.02
1666 0
1667 0.01
1668 0.02
1669 0.01
1670 0.01
1671 0.01
1672 0.02
1673 0.01
1674 0.01
1675 0.01
1676 0.02
1677 0.01
1678 0.01
1679 0.01
1680 0.01
1681 0.02
1682 0
1683 0.01
1684 0.02
1685 0.01
1686 0.01
1687 0.02
1688 0.01
1689 0
1690 0.02
1691 0.01
1692 0.02
1693 0.01
1694 0
1695 0.02
1696 0.01
1697 0.01
1698 0.01
1699 0.02
1700 0
1701 0.01
1702 0.02
1703 0.01
1704 0.02
1705 0.01
1706 0
1707 0.02
1708 0.01
1709 0.01
1710 0.02
1711 0.01
1712 0
1713 0.02
1714 0.01
1715 0.01
1716 0.02
1717 0.01
1718 0.01
1719 0.01
1720 0.01
1721 0.01
1722 0.01
1723 0.01
1724 0.01
1725 0.01
1726 0.02
1727 0.01
1728 0.01
1729 0.01
1730 0.02
1731 0.01
1732 0.02
1733 0
1734 0.01
1735 0.02
1736 0.01
1737 0.01
1738 0.02
1739 0.01
FPS 86
1740 0.01
1741 0.01
1742 0.01
1743 0.01
1744 0.02
1745 0.01
1746 0.01
1747 0.01
1748 0.01
1749 0.02
1750 0.01
1751 0.01
1752 0.01
1753 0.01
1754 0.02
1755 0.01
1756 0.01
1757 0.02
1758 0
1759 0.01
1760 0.02
1761 0.01
1762 0.01
1763 0.02
1764 0.01
1765 0.01
1766 0.01
1767 0.01
1768 0.01
1769 0.01
1770 0.02
1771 0.01
1772 0.01
1773 0.02
1774 0.01
1775 0
1776 0.02
1777 0.01
1778 0.01
1779 0.01
1780 0.01
1781 0.02
1782 0.01
1783 0.01
1784 0.01
1785 0.01
1786 0.01
1787 0.02
1788 0.01
1789 0.01
1790 0.01
1791 0.01
1792 0.02
1793 0.01
1794 0.01
1795 0.02
1796 0.01
1797 0
1798 0.02
1799 0.01
1800 0.01
1801 0.01
1802 0.02
1803 0.02
1804 0.01
1805 0
1806 0.02
1807 0.01
1808 0.01
1809 0.02
1810 0.01
1811 0.01
1812 0.01
1813 0.01
1814 0.01
1815 0.02
1816 0.01
1817 0.01
1818 0.01
1819 0.02
1820 0.01
1821 0.01
1822 0.02
1823 0.01
1824 0.01
FPS 85
1825 0.01
1826 0.01
1827 0.02
1828 0.01
1829 0.01
1830 0.02
1831 0
1832 0.01
1833 0.02
1834 0.01
1835 0.01
1836 0.01
1837 0.02
1838 0.01
1839 0.01
1840 0.01
1841 0.02
1842 0.01
1843 0.01
1844 0.01
1845 0.01
1846 0.01
1847 0.01
1848 0.02
1849 0.01
1850 0.01
1851 0.01
1852 0.01
1853 0.02
1854 0.01
1855 0.02
1856 0.01
1857 0
1858 0.01
1859 0.02
1860 0.01
1861 0.01
1862 0.02
1863 0.01
1864 0.01
1865 0.01
1866 0.02
1867 0.01
1868 0.01
1869 0.02
1870 0
1871 0.01
1872 0.02
1873 0.01
1874 0.01
1875 0.02
1876 0
1877 0.02
1878 0.01
1879 0.01
1880 0.02
1881 0
1882 0.01
1883 0.02
1884 0.01
1885 0.01
1886 0.01
1887 0.01
1888 0.02
1889 0.01
1890 0
1891 0.02
1892 0.01
1893 0.02
1894 0
1895 0.02
1896 0.01
1897 0.01
1898 0.02
1899 0.01
1900 0.01
1901 0.01
1902 0.01
1903 0.02
1904 0.01
1905 0.01
1906 0.02
1907 0
1908 0.01
1909 0.02
FPS 85
1910 0
1911 0.02
1912 0.01
1913 0.01
1914 0.01
1915 0.01
1916 0.02
1917 0.01
1918 0.01
1919 0.02
1920 0
1921 0.02
1922 0.01
1923 0.01
1924 0.01
1925 0.02
1926 0.01
1927 0.01
1928 0.01
1929 0.01
1930 0.02
1931 0.01
1932 0.01
1933 0.01
1934 0.02
1935 0
1936 0.02
1937 0.01
1938 0.02
1939 0
1940 0.02
1941 0.01
1942 0.02
1943 0.01
1944 0
1945 0.02
1946 0.01
1947 0.01
1948 0.02
1949 0
1950 0.02
1951 0.01
1952 0.01
1953 0.02
1954 0
1955 0.02
1956 0.01
1957 0.02
1958 0
1959 0.02
1960 0.01
1961 0.01
1962 0.01
1963 0.02
1964 0
1965 0.02
1966 0.01
1967 0.01
1968 0.01
1969 0.01
1970 0.02
1971 0.01
1972 0.02
1973 0.01
1974 0.01
1975 0.01
1976 0.02
1977 0.01
1978 0.01
1979 0.01
1980 0.02
1981 0.01
1982 0.02
1983 0.01
1984 0
1985 0.02
1986 0.01
1987 0.02
1988 0.01
1989 0.01
1990 0.01
1991 0.02
1992 0.01
FPS 83
1993 0.02
1994 0.01
1995 0.01
1996 0.02
1997 0.01
1998 0.01
1999 0.02
2000 0.01
2001 0.01
2002 0.01
2003 0.02
2004 0.01
2005 0.01
2006 0.02
2007 0.01
2008 0.01
2009 0.01
2010 0.02
2011 0.01
2012 0.01
2013 0.02
2014 0.01
2015 0.01
2016 0.02
2017 0
2018 0.02
2019 0.01
2020 0.01
2021 0.02
2022 0.01
2023 0.01
2024 0.02
2025 0.01
2026 0.02
2027 0.01
2028 0.01
2029 0.01
2030 0.01
2031 0.02
2032 0.01
2033 0.01
2034 0.02
2035 0.01
2036 0.01
2037 0.02
2038 0
2039 0.01
2040 0.03
2041 0
2042 0.02
2043 0.01
2044 0.02
2045 0.01
2046 0.01
2047 0.02
2048 0.01
2049 0.01
2050 0.02
2051 0.01
2052 0.01
2053 0.02
2054 0.01
2055 0.01
2056 0.01
2057 0.02
2058 0.01
2059 0.01
2060 0.02
2061 0.01
2062 0.02
2063 0
2064 0.01
2065 0.02
2066 0.01
2067 0.02
2068 0.01
2069 0.01
2070 0.01
2071 0.01
FPS 79
2072 0.02
2073 0.01
2074 0.02
2075 0
2076 0.01
2077 0.02
2078 0.01
2079 0.01
2080 0.02
2081 0.01
2082 0.01
2083 0.02
2084 0.01
2085 0.02
2086 0.01
2087 0
2088 0.02
2089 0.01
2090 0.02
2091 0.01
2092 0.02
2093 0.01
2094 0.01
2095 0.01
2096 0.02
2097 0.01
2098 0.01
2099 0.01
2100 0.01
2101 0.02
2102 0.01
2103 0.01
2104 0.02
2105 0.01
2106 0.02
2107 0.01
2108 0.01
2109 0.02
2110 0.01
2111 0.01
2112 0.01
2113 0.01
2114 0.02
2115 0.01
2116 0.02
2117 0.01
2118 0.01
2119 0.01
2120 0.02
2121 0.01
2122 0.02
2123 0.01
2124 0.01
2125 0.02
2126 0.01
2127 0.01
2128 0.01
2129 0.02
2130 0.01
2131 0.01
2132 0.02
2133 0.01
2134 0.01
2135 0.02
2136 0.01
2137 0.02
2138 0.01
2139 0
2140 0.02
2141 0.02
2142 0
2143 0.02
2144 0.01
2145 0.01
2146 0.02
2147 0.01
2148 0.02
2149 0
FPS 78
2150 0.01
2151 0.01
2152 0.02
2153 0.01
2154 0.01
2155 0.01
2156 0.01
2157 0.02
2158 0.01
2159 0.01
2160 0.02
2161 0.01
2162 0.02
2163 0.01
2164 0.01
2165 0.01
2166 0.02
2167 0
2168 0.02
2169 0.01
2170 0.02
2171 0.01
2172 0.02
2173 0.01
2174 0
2175 0.02
2176 0.02
2177 0.01
2178 0.01
2179 0.02
2180 0
2181 0.02
2182 0.01
2183 0.01
2184 0.02
2185 0.01
2186 0.01
2187 0.01
2188 0.02
2189 0.01
2190 0.02
2191 0.01
2192 0.01
2193 0.02
2194 0.01
2195 0.02
2196 0.01
2197 0.01
2198 0.02
2199 0.01
2200 0.01
2201 0.01
2202 0.02
2203 0.01
2204 0.02
2205 0.01
2206 0.02
2207 0
2208 0.02
2209 0.01
2210 0.02
2211 0.01
2212 0.01
2213 0.01
2214 0.02
2215 0.01
2216 0.01
2217 0.02
2218 0.01
2219 0.01
2220 0.02
2221 0.01
2222 0.01
2223 0.02
2224 0.01
2225 0.01
2226 0.02
2227 0.01
FPS 78
2228 0.01
2229 0.02
2230 0.01
2231 0.01
2232 0.01
2233 0.02
2234 0.01
2235 0.01
2236 0.02
2237 0.01
2238 0.01
2239 0.02
2240 0.01
2241 0.01
2242 0.01
2243 0.02
2244 0.01
2245 0.02
2246 0.01
2247 0.01
2248 0.01
2249 0.02
2250 0.01
2251 0.01
2252 0.02
2253 0.01
2254 0.02
2255 0
2256 0.02
2257 0.02
2258 0.01
2259 0.01
2260 0.01
2261 0.02
2262 0.01
2263 0.01
2264 0.02
2265 0.01
2266 0.02
2267 0
2268 0.02
2269 0.01
2270 0.02
2271 0.01
2272 0.01
2273 0.02
2274 0.01
2275 0.02
2276 0.02
2277 0.01
2278 0.01
2279 0.02
2280 0.01
2281 0.02
2282 0.01
2283 0.02
2284 0
2285 0.03
2286 0
2287 0.01
2288 0.02
2289 0.01
2290 0.02
2291 0.01
2292 0.01
2293 0.02
2294 0.01
2295 0.02
2296 0.01
2297 0.02
2298 0.01
2299 0.01
2300 0.02
2301 0.01
2302 0.02
2303 0.01
FPS 76
2304 0.02
2305 0.01
2306 0.02
2307 0.01
2308 0.02
2309 0
2310 0.01
2311 0.02
2312 0.01
2313 0.02
2314 0.01
2315 0.02
2316 0.01
2317 0.01
2318 0.02
2319 0.01
2320 0.01
2321 0.02
2322 0.01
2323 0.02
2324 0.01
2325 0.02
2326 0.01
2327 0.02
2328 0.01
2329 0.01
2330 0.02
2331 0.01
2332 0.02
2333 0.01
2334 0.02
2335 0
2336 0.02
2337 0.01
2338 0.02
2339 0.01
2340 0.02
2341 0.01
2342 0.02
2343 0.02
2344 0.01
2345 0.02
2346 0.01
2347 0.01
2348 0.02
2349 0.01
2350 0.02
2351 0
2352 0.02
2353 0.02
2354 0.01
2355 0.01
2356 0.02
2357 0.01
2358 0.02
2359 0.01
2360 0.01
2361 0.02
2362 0.01
2363 0.02
2364 0.01
2365 0.01
2366 0.02
2367 0.01
2368 0.02
2369 0.01
2370 0.01
2371 0.02
2372 0.02
2373 0.01
2374 0.02
2375 0
FPS 72
2376 0.01
2377 0.02
2378 0.01
2379 0.01
2380 0.02
2381 0.01
2382 0.02
2383 0.01
2384 0.01
2385 0.01
2386 0.02
2387 0.02
2388 0.01
2389 0.01
2390 0.02
2391 0.01
2392 0.02
2393 0.01
2394 0.01
2395 0.01
2396 0.02
2397 0.01
2398 0.02
2399 0.01
2400 0.01
2401 0.02
2402 0.01
2403 0.02
2404 0.02
2405 0.01
2406 0.01
2407 0.02
2408 0.01
2409 0.02
2410 0.01
2411 0.01
2412 0.01
2413 0.02
2414 0.02
2415 0.01
2416 0.02
2417 0.01
2418 0.02
2419 0.02
2420 0.01
2421 0.01
2422 0.02
2423 0.01
2424 0.02
2425 0.01
2426 0.01
2427 0.02
2428 0.01
2429 0.02
2430 0.01
2431 0.01
2432 0.02
2433 0.01
2434 0.02
2435 0.01
2436 0.02
2437 0.01
2438 0.02
2439 0.01
2440 0.02
2441 0.01
2442 0.01
2443 0.01
2444 0.02
2445 0.01
2446 0.02
2447 0.01
FPS 72
2448 0.02
2449 0.01
2450 0.02
2451 0.01
2452 0.02
2453 0.01
2454 0.01
2455 0.02
2456 0.01
2457 0.01
2458 0.02
2459 0.02
2460 0.01
2461 0.02
2462 0.01
2463 0.01
2464 0.02
2465 0.01
2466 0.01
2467 0.02
2468 0.01
2469 0.02
2470 0.01
2471 0.02
2472 0.01
2473 0.01
2474 0.02
2475 0.01
2476 0.02
2477 0.01
2478 0.01
2479 0.02
2480 0.01
2481 0.02
2482 0.01
2483 0.02
2484 0.02
2485 0.02
2486 0.01
2487 0.01
2488 0.01
2489 0.03
2490 0.01
2491 0.02
2492 0.01
2493 0.01
2494 0.01
2495 0.02
2496 0.02
2497 0.01
2498 0.01
2499 0.02
2500 0.02
2501 0.01
2502 0.02
2503 0.02
2504 0.01
2505 0.02
2506 0.01
2507 0.02
2508 0.01
2509 0.01
2510 0.02
2511 0.01
2512 0.02
2513 0.01
2514 0.02
2515 0.02
2516 0.01
FPS 69
2517 0.01
2518 0.02
2519 0.02
2520 0.01
2521 0.01
2522 0.02
2523 0.01
2524 0.02
2525 0.01
2526 0.02
2527 0.01
2528 0.02
2529 0.01
2530 0.02
2531 0.02
2532 0.01
2533 0.02
2534 0.01
2535 0.02
2536 0.01
2537 0.02
2538 0.01
2539 0.02
2540 0.01
2541 0.02
2542 0.01
2543 0.02
2544 0.01
2545 0.01
2546 0.02
2547 0.02
2548 0.02
2549 0.02
2550 0.01
2551 0.02
2552 0.01
2553 0.02
2554 0.01
2555 0.01
2556 0.02
2557 0.02
2558 0.01
2559 0.02
2560 0.02
2561 0.01
2562 0.01
2563 0.02
2564 0.01
2565 0.02
2566 0.01
2567 0.02
2568 0.01
2569 0.02
2570 0.01
2571 0.02
2572 0.01
2573 0.02
2574 0.01
2575 0.02
2576 0.02
2577 0.01
2578 0.02
2579 0.01
2580 0.02
2581 0.01
2582 0.02
2583 0.01
FPS 67
2584 0.01
2585 0.03
2586 0.01
2587 0.01
2588 0.02
2589 0.02
2590 0.01
2591 0.02
2592 0.01
2593 0.01
2594 0.02
2595 0.01
2596 0.02
2597 0.01
2598 0.02
2599 0.02
2600 0.01
2601 0.02
2602 0.02
2603 0.01
2604 0.02
2605 0.01
2606 0.02
2607 0.01
2608 0.02
2609 0.01
2610 0.01
2611 0.02
2612 0.02
2613 0.02
2614 0.02
2615 0.01
2616 0.02
2617 0.01
2618 0.02
2619 0.01
2620 0.02
2621 0.02
2622 0.02
2623 0.01
2624 0.01
2625 0.02
2626 0.02
2627 0.02
2628 0.01
2629 0.02
2630 0.01
2631 0.02
2632 0.02
2633 0.01
2634 0.02
2635 0.01
2636 0.02
2637 0.02
2638 0.01
2639 0.02
2640 0.01
2641 0.02
2642 0.02
2643 0.01
2644 0.02
2645 0.02
2646 0.01
2647 0.02
2648 0.02
FPS 65
2649 0.02
2650 0.01
2651 0.02
2652 0.02
2653 0.02
2654 0.01
2655 0.02
2656 0.01
2657 0.02
2658 0.02
2659 0.01
2660 0.02
2661 0.02
2662 0.01
2663 0.02
2664 0.01
2665 0.02
2666 0.02
2667 0.01
2668 0.02
2669 0.01
2670 0.02
2671 0.02
2672 0.01
2673 0.02
2674 0.02
2675 0.02
2676 0.01
2677 0.02
2678 0.01
2679 0.02
2680 0.02
2681 0.02
2682 0.02
2683 0
2684 0.02
2685 0.02
2686 0.01
2687 0.02
2688 0.02
2689 0.01
2690 0.02
2691 0.02
2692 0.01
2693 0.02
2694 0.02
2695 0.02
2696 0.01
2697 0.02
2698 0.01
2699 0.02
2700 0.01
2701 0.02
2702 0.01
2703 0.03
2704 0.01
2705 0.02
2706 0.01
2707 0.02
2708 0.02
2709 0.01
2710 0.02
2711 0.01
FPS 63
2712 0.03
2713 0.01
2714 0.01
2715 0.02
2716 0.02
2717 0.02
2718 0.01
2719 0.01
2720 0.02
2721 0.02
2722 0.02
2723 0.01
2724 0.02
2725 0.02
2726 0.02
2727 0.01
2728 0.01
2729 0.02
2730 0.01
2731 0.02
2732 0.02
2733 0.02
2734 0.01
2735 0.02
2736 0.01
2737 0.02
2738 0.01
2739 0.02
2740 0.02
2741 0.01
2742 0.02
2743 0.02
2744 0.01
2745 0.02
2746 0.02
2747 0.02
2748 0.01
2749 0.02
2750 0.01
2751 0.02
2752 0.01
2753 0.02
2754 0.02
2755 0.02
2756 0.01
2757 0.02
2758 0.02
2759 0.01
2760 0.02
2761 0.02
2762 0.02
2763 0.01
2764 0.02
2765 0.01
2766 0.02
2767 0.01
2768 0.02
2769 0.01
2770 0.02
2771 0.02
2772 0.02
2773 0.02
FPS 62
2774 0.02
2775 0.01
2776 0.03
2777 0.01
2778 0.02
2779 0.01
2780 0.02
2781 0.02
2782 0.01
2783 0.02
2784 0.01
2785 0.02
2786 0.02
2787 0.02
2788 0.01
2789 0.02
2790 0.01
2791 0.02
2792 0.02
2793 0.02
2794 0.02
2795 0.02
2796 0.01
2797 0.02
2798 0.02
2799 0.01
2800 0.02
2801 0.02
2802 0.02
2803 0.01
2804 0.03
2805 0.01
2806 0.02
2807 0.01
2808 0.03
2809 0.01
2810 0.02
2811 0.02
2812 0.01
2813 0.02
2814 0.02
2815 0.02
2816 0.01
2817 0.02
2818 0.02
2819 0.02
2820 0.01
2821 0.02
2822 0.02
2823 0.01
2824 0.02
2825 0.02
2826 0.02
2827 0.01
2828 0.03
2829 0.01
2830 0.01
2831 0.02
2832 0.02
2833 0.02
FPS 60
2834 0.02
2835 0.01
2836 0.02
2837 0.02
2838 0.01
2839 0.03
2840 0.01
2841 0.02
2842 0.02
2843 0.01
2844 0.02
2845 0.02
2846 0.01
2847 0.03
2848 0.01
2849 0.02
2850 0.01
2851 0.01
2852 0.03
2853 0.02
2854 0.01
2855 0.02
2856 0.01
2857 0.02
2858 0.02
2859 0.02
2860 0.02
2861 0.02
2862 0.02
2863 0.01
2864 0.02
2865 0.02
2866 0.01
2867 0.02
2868 0.02
2869 0.02
2870 0.02
2871 0.01
2872 0.02
2873 0.01
2874 0.03
2875 0.02
2876 0.01
2877 0.02
2878 0.02
2879 0.01
2880 0.02
2881 0.02
2882 0.02
2883 0.01
2884 0.02
2885 0.01
2886 0.02
2887 0.03
2888 0.01
2889 0.02
2890 0.01
2891 0.02
2892 0.03
FPS 59
2893 0.02
2894 0.02
2895 0.02
2896 0.02
2897 0.01
2898 0.02
2899 0.02
2900 0.02
2901 0.02
2902 0.01
2903 0.02
2904 0.02
2905 0.02
2906 0.02
2907 0.02
2908 0.02
2909 0.01
2910 0.02
2911 0.02
2912 0.03
2913 0.01
2914 0.02
2915 0.02
2916 0.01
2917 0.03
2918 0.01
2919 0.02
2920 0.02
2921 0.01
2922 0.02
2923 0.03
2924 0.01
2925 0.02
2926 0.02
2927 0.02
2928 0.02
2929 0.02
2930 0.02
2931 0.01
2932 0.02
2933 0.02
2934 0.02
2935 0.02
2936 0.02
2937 0.01
2938 0.02
2939 0.02
2940 0.02
2941 0.02
2942 0.02
2943 0.01
2944 0.03
2945 0.01
2946 0.02
2947 0.02
2948 0.02
FPS 56
2949 0.02
2950 0.02
2951 0.01
2952 0.02
2953 0.02
2954 0.02
2955 0.02
2956 0.02
2957 0.01
2958 0.02
2959 0.02
2960 0.01
2961 0.03
2962 0.02
2963 0.01
2964 0.02
2965 0.02
2966 0.02
2967 0.02
2968 0.01
2969 0.03
2970 0.01
2971 0.02
2972 0.03
2973 0.01
2974 0.02
2975 0.02
2976 0.01
2977 0.02
2978 0.02
2979 0.03
2980 0.01
2981 0.02
2982 0.02
2983 0.02
2984 0.01
2985 0.02
2986 0.02
2987 0.02
2988 0.02
2989 0.02
2990 0.02
2991 0.02
2992 0.01
2993 0.02
2994 0.03
2995 0.01
2996 0.02
2997 0.02
2998 0.02
2999 0.01
3000 0.03
3001 0.01
3002 0.02
3003 0.02
FPS 55
3004 0.01
3005 0.03
3006 0.01
3007 0.03
3008 0.01
3009 0.02
3010 0.02
3011 0.02
3012 0.02
3013 0.02
3014 0.02
3015 0.03
3016 0.02
3017 0.01
3018 0.02
3019 0.03
3020 0.01
3021 0.02
3022 0.02
3023 0.02
3024 0.02
3025 0.02
3026 0.02
3027 0.02
3028 0.01
3029 0.03
3030 0.02
3031 0.02
3032 0.02
3033 0.02
3034 0.01
3035 0.02
3036 0.02
3037 0.02
3038 0.02
3039 0.02
3040 0.02
3041 0.03
3042 0.01
3043 0.02
3044 0.03
3045 0.01
3046 0.03
3047 0.01
3048 0.02
3049 0.02
3050 0.02
3051 0.02
3052 0.02
3053 0.02
3054 0.02
3055 0.02
3056 0.02
FPS 53
3057 0.02
3058 0.02
3059 0.02
3060 0.02
3061 0.02
3062 0.02
3063 0.02
3064 0.03
3065 0.02
3066 0.02
3067 0.02
3068 0.02
3069 0.01
3070 0.02
3071 0.03
3072 0.02
3073 0.01
3074 0.02
3075 0.03
3076 0.01
3077 0.02
3078 0.03
3079 0.01
3080 0.02
3081 0.03
3082 0.01
3083 0.02
3084 0.02
3085 0.02
3086 0.03
3087 0.02
3088 0.01
3089 0.02
3090 0.03
3091 0.01
3092 0.02
3093 0.02
3094 0.02
3095 0.02
3096 0.02
3097 0.02
3098 0.02
3099 0.02
3100 0.02
3101 0.02
3102 0.02
3103 0.02
3104 0.02
3105 0.02
3106 0.02
3107 0.02
3108 0.02
FPS 52
3109 0.03
3110 0.02
3111 0.01
3112 0.02
3113 0.02
3114 0.02
3115 0.03
3116 0.01
3117 0.03
3118 0.02
3119 0.02
3120 0.02
3121 0.02
3122 0.02
3123 0.02
3124 0.02
3125 0.02
3126 0.02
3127 0.02
3128 0.02
3129 0.02
3130 0.02
3131 0.03
3132 0.02
3133 0.02
3134 0.02
3135 0.02
3136 0.02
3137 0.02
3138 0.02
3139 0.03
3140 0.02
3141 0.02
3142 0.01
3143 0.03
3144 0.02
3145 0.02
3146 0.02
3147 0.02
3148 0.02
3149 0.02
3150 0.02
3151 0.02
3152 0.02
3153 0.02
3154 0.02
3155 0.03
3156 0.02
3157 0.01
FPS 49
3158 0.03
3159 0.02
3160 0.02
3161 0.02
3162 0.02
3163 0.03
3164 0.01
3165 0.03
3166 0.02
3167 0.02
3168 0.02
3169 0.02
3170 0.03
3171 0.02
3172 0.01
3173 0.02
3174 0.03
3175 0.02
3176 0.02
3177 0.02
3178 0.02
3179 0.03
3180 0.01
3181 0.02
3182 0.02
3183 0.03
3184 0.02
3185 0.02
3186 0.02
3187 0.02
3188 0.02
3189 0.03
3190 0.02
3191 0.01
3192 0.03
3193 0.02
3194 0.02
3195 0.02
3196 0.02
3197 0.02
3198 0.03
3199 0.02
3200 0.02
3201 0.02
3202 0.02
3203 0.02
3204 0.02
3205 0.02
FPS 48
3206 0.02
3207 0.01
3208 0.03
3209 0.02
3210 0.02
3211 0.02
3212 0.03
3213 0.02
3214 0.02
3215 0.02
3216 0.02
3217 0.03
3218 0.02
3219 0.03
3220 0.02
3221 0.01
3222 0.02
3223 0.03
3224 0.02
3225 0.02
3226 0.02
3227 0.03
3228 0.02
3229 0.03
3230 0.01
3231 0.02
3232 0.03
3233 0.02
3234 0.03
3235 0.02
3236 0.02
3237 0.02
3238 0.02
3239 0.03
3240 0.01
3241 0.03
3242 0.02
3243 0.02
3244 0.03
3245 0.01
3246 0.03
3247 0.02
3248 0.02
3249 0.02
3250 0.02
3251 0.03
3252 0.04
FPS 47
3253 0.02
3254 0.02
3255 0.03
3256 0.02
3257 0.02
3258 0.03
3259 0.02
3260 0.02
3261 0.02
3262 0.03
3263 0.02
3264 0.02
3265 0.02
3266 0.03
3267 0.02
3268 0.03
3269 0.02
3270 0.02
3271 0.03
3272 0.02
3273 0.02
3274 0.03
3275 0.02
3276 0.03
3277 0.02
3278 0.01
3279 0.03
3280 0.02
3281 0.02
3282 0.04
3283 0.01
3284 0.03
3285 0.02
3286 0.02
3287 0.03
3288 0.02
3289 0.02
3290 0.03
3291 0.02
3292 0.03
3293 0.01
3294 0.02
3295 0.02
3296 0.03
3297 0.01
FPS 45
3298 0.02
3299 0.03
3300 0.02
3301 0.01
3302 0.04
3303 0.01
3304 0.03
3305 0.02
3306 0.03
3307 0.02
3308 0.02
3309 0.03
3310 0.01
3311 0.03
3312 0.02
3313 0.03
3314 0.02
3315 0.02
3316 0.03
3317 0.02
3318 0.03
3319 0.02
3320 0.02
3321 0.03
3322 0.01
3323 0.03
3324 0.02
3325 0.02
3326 0.03
3327 0.02
3328 0.02
3329 0.03
3330 0.02
3331 0.03
3332 0.02
3333 0.03
3334 0.01
3335 0.03
3336 0.03
3337 0.03
3338 0.02
3339 0.02
3340 0.03
3341 0.03
FPS 44
3342 0.02
3343 0.03
3344 0.03
3345 0.02
3346 0.02
3347 0.03
3348 0.03
3349 0.02
3350 0.03
3351 0.02
3352 0.02
3353 0.03
3354 0.02
3355 0.03
3356 0.02
3357 0.03
3358 0.02
3359 0.02
3360 0.03
3361 0.02
3362 0.03
3363 0.02
3364 0.03
3365 0.02
3366 0.02
3367 0.03
3368 0.02
3369 0.03
3370 0.02
3371 0.03
3372 0.02
3373 0.02
3374 0.03
3375 0.02
3376 0.03
3377 0.03
3378 0.03
3379 0.03
3380 0.02
3381 0.02
3382 0.03
3383 0.03
FPS 42
3384 0.03
3385 0.03
3386 0.02
3387 0.03
3388 0.02
3389 0.02
3390 0.03
3391 0.03
3392 0.03
3393 0.02
3394 0.03
3395 0.03
3396 0.02
3397 0.03
3398 0.02
3399 0.03
3400 0.02
3401 0.03
3402 0.03
3403 0.02
3404 0.02
3405 0.03
3406 0.03
3407 0.02
3408 0.03
3409 0.02
3410 0.03
3411 0.02
3412 0.03
3413 0.02
3414 0.03
3415 0.04
3416 0.02
3417 0.04
3418 0.02
3419 0.03
3420 0.03
3421 0.02
3422 0.03
3423 0.03
FPS 40
3424 0.02
3425 0.03
3426 0.03
3427 0.03
3428 0.02
3429 0.03
3430 0.03
3431 0.03
3432 0.03
3433 0.02
3434 0.03
3435 0.03
3436 0.02
3437 0.03
3438 0.02
3439 0.04
3440 0.02
3441 0.03
3442 0.03
3443 0.02
3444 0.03
3445 0.02
3446 0.04
3447 0.02
3448 0.03
3449 0.03
3450 0.03
3451 0.03
3452 0.02
3453 0.04
3454 0.02
3455 0.03
3456 0.02
3457 0.04
3458 0.03
3459 0.03
3460 0.02
FPS 37
3461 0.03
3462 0.03
3463 0.04
3464 0.02
3465 0.03
3466 0.03
3467 0.03
3468 0.03
3469 0.02
3470 0.03
3471 0.03
3472 0.03
3473 0.03
3474 0.03
3475 0.03
3476 0.02
3477 0.03
3478 0.03
3479 0.03
3480 0.03
3481 0.03
3482 0.02
3483 0.03
3484 0.04
3485 0.03
3486 0.04
3487 0.03
3488 0.02
3489 0.03
3490 0.03
3491 0.03
3492 0.03
3493 0.03
3494 0.03
3495 0.03
3496 0.02
FPS 36
3497 0.03
3498 0.03
3499 0.03
3500 0.03
3501 0.02
3502 0.03
3503 0.04
3504 0.03
3505 0.02
3506 0.04
3507 0.02
3508 0.04
3509 0.03
3510 0.02
3511 0.04
3512 0.03
3513 0.03
3514 0.02
3515 0.03
3516 0.03
3517 0.03
3518 0.03
3519 0.03
3520 0.02
3521 0.04
3522 0.03
3523 0.04
3524 0.03
3525 0.02
3526 0.03
3527 0.04
3528 0.03
3529 0.03
3530 0.03
FPS 34
3531 0.03
3532 0.04
3533 0.03
3534 0.02
3535 0.04
3536 0.03
3537 0.03
3538 0.03
3539 0.03
3540 0.04
3541 0.03
3542 0.03
3543 0.03
3544 0.03
3545 0.03
3546 0.03
3547 0.03
3548 0.03
3549 0.04
3550 0.02
3551 0.04
3552 0.03
3553 0.03
3554 0.03
3555 0.03
3556 0.04
3557 0.03
3558 0.03
3559 0.04
3560 0.02
3561 0.03
3562 0.04
3563 0.03
FPS 33
3564 0.03
3565 0.03
3566 0.04
3567 0.03
3568 0.03
3569 0.03
3570 0.03
3571 0.03
3572 0.03
3573 0.04
3574 0.03
3575 0.03
3576 0.04
3577 0.03
3578 0.02
3579 0.04
3580 0.04
3581 0.03
3582 0.03
3583 0.04
3584 0.03
3585 0.03
3586 0.03
3587 0.04
3588 0.03
3589 0.04
3590 0.03
3591 0.03
3592 0.03
3593 0.04
3594 0.04
3595 0.03
FPS 32
3596 0.03
3597 0.04
3598 0.03
3599 0.03
3600 0.03
3601 0.03
3602 0.04
3603 0.03
3604 0.04
3605 0.03
3606 0.03
3607 0.04
3608 0.03
3609 0.03
3610 0.04
3611 0.03
3612 0.04
3613 0.03
3614 0.03
3615 0.04
3616 0.03
3617 0.04
3618 0.04
3619 0.03
3620 0.04
3621 0.03
3622 0.03
3623 0.03
3624 0.04
3625 0.03
3626 0.04
FPS 31
3627 0.04
3628 0.04
3629 0.03
3630 0.03
3631 0.04
3632 0.03
3633 0.04
3634 0.03
3635 0.04
3636 0.03
3637 0.04
3638 0.04
3639 0.02
3640 0.04
3641 0.04
3642 0.04
3643 0.03
3644 0.04
3645 0.04
3646 0.03
3647 0.04
3648 0.03
3649 0.04
3650 0.04
3651 0.04
3652 0.04
3653 0.02
3654 0.04
3655 0.03
FPS 29
3656 0.03
3657 0.04
3658 0.04
3659 0.03
3660 0.04
3661 0.03
3662 0.04
3663 0.04
3664 0.03
3665 0.05
3666 0.03
3667 0.05
3668 0.03
3669 0.04
3670 0.03
3671 0.04
3672 0.04
3673 0.04
3674 0.04
3675 0.03
3676 0.04
3677 0.04
3678 0.03
3679 0.05
3680 0.03
3681 0.03
3682 0.04
3683 0.04
3684 0.04
FPS 29
3685 0.05
3686 0.03
3687 0.04
3688 0.03
3689 0.05
3690 0.03
3691 0.04
3692 0.04
3693 0.04
3694 0.03
3695 0.05
3696 0.03
3697 0.05
3698 0.03
3699 0.04
3700 0.04
3701 0.04
3702 0.04
3703 0.04
3704 0.04
3705 0.04
3706 0.03
3707 0.05
3708 0.04
3709 0.04
3710 0.03
3711 0.04
FPS 27
3712 0.04
3713 0.04
3714 0.04
3715 0.03
3716 0.05
3717 0.04
3718 0.04
3719 0.04
3720 0.04
3721 0.04
3722 0.04
3723 0.04
3724 0.05
3725 0.03
3726 0.04
3727 0.04
3728 0.04
3729 0.04
3730 0.05
3731 0.04
3732 0.04
3733 0.04
3734 0.04
3735 0.04
3736 0.03
3737 0.05
FPS 26
3738 0.04
3739 0.04
3740 0.05
3741 0.04
3742 0.05
3743 0.03
3744 0.05
3745 0.04
3746 0.04
3747 0.04
3748 0.04
3749 0.05
3750 0.04
3751 0.04
3752 0.04
3753 0.05
3754 0.04
3755 0.04
3756 0.04
3757 0.05
3758 0.04
3759 0.04
3760 0.04
3761 0.05
3762 0.04
FPS 25
3763 0.04
3764 0.04
3765 0.05
3766 0.04
3767 0.04
3768 0.05
3769 0.04
3770 0.05
3771 0.05
3772 0.03
3773 0.05
3774 0.04
3775 0.05
3776 0.04
3777 0.04
3778 0.05
3779 0.04
3780 0.04
3781 0.04
3782 0.05
3783 0.04
3784 0.04
3785 0.05
3786 0.04
FPS 24
3787 0.05
3788 0.04
3789 0.04
3790 0.05
3791 0.04
3792 0.04
3793 0.05
3794 0.04
3795 0.05
3796 0.04
3797 0.04
3798 0.05
3799 0.04
3800 0.05
3801 0.04
3802 0.05
3803 0.04
3804 0.04
3805 0.05
3806 0.04
3807 0.05
3808 0.04
3809 0.05
3810 0.05
FPS 24
3811 0.05
3812 0.04
3813 0.04
3814 0.06
3815 0.04
3816 0.05
3817 0.04
3818 0.05
3819 0.04
3820 0.05
3821 0.04
3822 0.05
3823 0.04
3824 0.05
3825 0.04
3826 0.04
3827 0.05
3828 0.05
3829 0.05
3830 0.04
3831 0.04
3832 0.04
3833 0.05
FPS 23
3834 0.04
3835 0.05
3836 0.05
3837 0.05
3838 0.04
3839 0.05
3840 0.04
3841 0.05
3842 0.05
3843 0.05
3844 0.04
3845 0.05
3846 0.05
3847 0.05
3848 0.04
3849 0.05
3850 0.04
3851 0.05
3852 0.05
3853 0.05
3854 0.04
3855 0.05
3856 0.05
FPS 23
3857 0.05
3858 0.05
3859 0.04
3860 0.06
3861 0.05
3862 0.04
3863 0.06
3864 0.05
3865 0.04
3866 0.05
3867 0.05
3868 0.06
3869 0.04
3870 0.05
3871 0.06
3872 0.04
3873 0.06
3874 0.05
3875 0.05
3876 0.04
3877 0.06
3878 0.05
FPS 22
3879 0.06
3880 0.05
3881 0.04
3882 0.06
3883 0.05
3884 0.05
3885 0.05
3886 0.05
3887 0.06
3888 0.04
3889 0.06
3890 0.05
3891 0.05
3892 0.06
3893 0.05
3894 0.06
3895 0.05
3896 0.06
3897 0.05
3898 0.05
FPS 20
3899 0.06
3900 0.05
3901 0.06
3902 0.05
3903 0.05
3904 0.06
3905 0.05
3906 0.05
3907 0.05
3908 0.06
3909 0.05
3910 0.05
3911 0.06
3912 0.06
3913 0.04
3914 0.07
3915 0.04
3916 0.06
3917 0.05
3918 0.05
FPS 20
3919 0.06
3920 0.05
3921 0.06
3922 0.05
3923 0.05
3924 0.06
3925 0.05
3926 0.05
3927 0.05
3928 0.06
3929 0.05
3930 0.05
3931 0.06
3932 0.05
3933 0.05
3934 0.06
3935 0.05
3936 0.06
3937 0.05
3938 0.05
FPS 20
3939 0.06
3940 0.05
3941 0.05
3942 0.05
3943 0.05
3944 0.06
3945 0.05
3946 0.05
3947 0.06
3948 0.05
3949 0.05
3950 0.06
3951 0.06
3952 0.05
3953 0.05
3954 0.05
3955 0.06
3956 0.06
3957 0.04
3958 0.06
FPS 20
3959 0.05
3960 0.06
3961 0.05
3962 0.05
3963 0.05
3964 0.06
3965 0.05
3966 0.06
3967 0.05
3968 0.05
3969 0.06
3970 0.05
3971 0.05
3972 0.05
3973 0.06
3974 0.05
3975 0.06
3976 0.05
3977 0.05
3978 0.05
FPS 20
3979 0.05
3980 0.05
3981 0.06
3982 0.05
3983 0.05
3984 0.06
3985 0.05
3986 0.06
3987 0.05
3988 0.05
3989 0.05
3990 0.06
3991 0.05
3992 0.05
3993 0.06
3994 0.05
3995 0.05
3996 0.06
3997 0.05
3998 0.05
FPS 20
3999 0.06
4000 0.05
4001 0.06
4002 0.05
4003 0.06
4004 0.04
4005 0.06
4006 0.05
4007 0.06
4008 0.05
4009 0.05
4010 0.05
4011 0.06
4012 0.06
4013 0.05
4014 0.05
4015 0.05
4016 0.05
4017 0.06
4018 0.05
FPS 20
4019 0.06
4020 0.05
4021 0.05
4022 0.06
4023 0.05
4024 0.06
4025 0.05
4026 0.05
4027 0.05
4028 0.05
4029 0.06
4030 0.06
4031 0.05
4032 0.05
4033 0.05
4034 0.05
4035 0.06
4036 0.06
4037 0.05
4038 0.05
FPS 20
4039 0.06
4040 0.06
4041 0.05
4042 0.05
4043 0.05
4044 0.06
4045 0.05
4046 0.05
4047 0.06
4048 0.05
4049 0.05
4050 0.05
4051 0.06
4052 0.05
4053 0.06
4054 0.05
4055 0.05
4056 0.06
4057 0.05
4058 0.05
FPS 20
4059 0.05
4060 0.06
4061 0.05
4062 0.05
4063 0.05
4064 0.06
4065 0.05
4066 0.06
4067 0.05
4068 0.05
4069 0.05
4070 0.06
4071 0.05
4072 0.06
4073 0.05
4074 0.06
4075 0.05
4076 0.05
4077 0.05
4078 0.05
FPS 20
